This file contains any messages produced by compilers while
running configure, to aid debugging if configure makes a mistake.

It was created by configure, which was
generated by GNU Autoconf 2.68.  Invocation command line was

  $ ./configure 

## --------- ##
## Platform. ##
## --------- ##

hostname = kaliSSD
uname -m = x86_64
uname -r = 5.7.0-kali1-amd64
uname -s = Linux
uname -v = #1 SMP Debian 5.7.6-1kali2 (2020-07-01)

/usr/bin/uname -p = unknown
/bin/uname -X     = unknown

/bin/arch              = x86_64
/usr/bin/arch -k       = unknown
/usr/convex/getsysinfo = unknown
/usr/bin/hostinfo      = unknown
/bin/machine           = unknown
/usr/bin/oslevel       = unknown
/bin/universe          = unknown

PATH: /usr/local/bin
PATH: /usr/bin
PATH: /bin
PATH: /usr/local/games
PATH: /usr/games


## ----------- ##
## Core tests. ##
## ----------- ##

configure:1774: configuring all emulators... use --enable options to pick a subset
configure:1788: checking for x86_64-w64-mingw32-gcc
configure:1816: result: no
configure:1826: checking for i686-w64-mingw32-gcc
configure:1854: result: no
configure:1863: WARNING: Disabling Windows cross-compile
configure:2133: creating ./config.status

## ---------------------- ##
## Running config.status. ##
## ---------------------- ##

This file was extended by config.status, which was
generated by GNU Autoconf 2.68.  Invocation command line was

  CONFIG_FILES    = 
  CONFIG_HEADERS  = 
  CONFIG_LINKS    = 
  CONFIG_COMMANDS = 
  $ ./config.status 

on kaliSSD

config.status:728: creating Makefile
configure:3216: === configuring in lib (/media/alok/New Volume/share/hacked_wc3270_getch_issue/hacked_wc3270_getch_issue/suite3270-3.6_4/lib)
configure:3279: running /bin/bash ./configure --disable-option-checking '--prefix=/usr/local'  --cache-file=/dev/null --srcdir=.
configure:3216: === configuring in x3270 (/media/alok/New Volume/share/hacked_wc3270_getch_issue/hacked_wc3270_getch_issue/suite3270-3.6_4/x3270)
configure:3279: running /bin/bash ./configure --disable-option-checking '--prefix=/usr/local'  --cache-file=/dev/null --srcdir=.
configure:3284: error: ./configure failed for x3270

## ---------------- ##
## Cache variables. ##
## ---------------- ##

ac_cv_env_build_alias_set=
ac_cv_env_build_alias_value=
ac_cv_env_host_alias_set=
ac_cv_env_host_alias_value=
ac_cv_env_target_alias_set=
ac_cv_env_target_alias_value=
ac_cv_prog_mingw32_found=no
ac_cv_prog_mingw64_found=no

## ----------------- ##
## Output variables. ##
## ----------------- ##

DEFS='-DPACKAGE_NAME=\"\" -DPACKAGE_TARNAME=\"\" -DPACKAGE_VERSION=\"\" -DPACKAGE_STRING=\"\" -DPACKAGE_BUGREPORT=\"\" -DPACKAGE_URL=\"\"'
ECHO_C=''
ECHO_N='-n'
ECHO_T=''
LIBOBJS=''
LIBS=''
LTLIBOBJS=''
PACKAGE_BUGREPORT=''
PACKAGE_NAME=''
PACKAGE_STRING=''
PACKAGE_TARNAME=''
PACKAGE_URL=''
PACKAGE_VERSION=''
PATH_SEPARATOR=':'
SHELL='/bin/bash'
T_ALL=' x3270 c3270 s3270 tcl3270 pr3287'
T_CLEAN=' x3270-clean c3270-clean s3270-clean tcl3270-clean pr3287-clean unix-lib-clean'
T_CLOBBER=' x3270-clobber c3270-clobber s3270-clobber tcl3270-clobber pr3287-clobber unix-lib-clobber'
T_DEPEND=' x3270-depend c3270-depend s3270-depend tcl3270-depend pr3287-depend unix-lib-depend'
T_INSTALL=' x3270-install c3270-install s3270-install tcl3270-install pr3287-install'
T_INSTALL_MAN=' x3270-install.man c3270-install.man s3270-install.man tcl3270-install.man pr3287-install.man'
bindir='${exec_prefix}/bin'
build_alias=''
datadir='${datarootdir}'
datarootdir='${prefix}/share'
docdir='${datarootdir}/doc/${PACKAGE}'
dvidir='${docdir}'
exec_prefix='${prefix}'
host_alias=''
htmldir='${docdir}'
includedir='${prefix}/include'
infodir='${datarootdir}/info'
libdir='${exec_prefix}/lib'
libexecdir='${exec_prefix}/libexec'
localedir='${datarootdir}/locale'
localstatedir='${prefix}/var'
mandir='${datarootdir}/man'
mingw32_found='no'
mingw64_found='no'
oldincludedir='/usr/include'
pdfdir='${docdir}'
prefix='/usr/local'
program_transform_name='s,x,x,'
psdir='${docdir}'
sbindir='${exec_prefix}/sbin'
sharedstatedir='${prefix}/com'
subdirs=' lib x3270 c3270 s3270 tcl3270 pr3287'
sysconfdir='${prefix}/etc'
target_alias=''

configure: exit 1
