This file contains any messages produced by compilers while
running configure, to aid debugging if configure makes a mistake.

It was created by x3270 configure 3.x, which was
generated by GNU Autoconf 2.68.  Invocation command line was

  $ ./configure 

## --------- ##
## Platform. ##
## --------- ##

hostname = kaliSSD
uname -m = x86_64
uname -r = 5.7.0-kali1-amd64
uname -s = Linux
uname -v = #1 SMP Debian 5.7.6-1kali2 (2020-07-01)

/usr/bin/uname -p = unknown
/bin/uname -X     = unknown

/bin/arch              = x86_64
/usr/bin/arch -k       = unknown
/usr/convex/getsysinfo = unknown
/usr/bin/hostinfo      = unknown
/bin/machine           = unknown
/usr/bin/oslevel       = unknown
/bin/universe          = unknown

PATH: /usr/local/bin
PATH: /usr/bin
PATH: /bin
PATH: /usr/local/games
PATH: /usr/games


## ----------- ##
## Core tests. ##
## ----------- ##

configure:2157: checking for a BSD-compatible install
configure:2225: result: /usr/bin/install -c
configure:2284: checking for gcc
configure:2300: found /usr/bin/gcc
configure:2311: result: gcc
configure:2540: checking for C compiler version
configure:2549: gcc --version >&5
gcc (Debian 9.3.0-15) 9.3.0
Copyright (C) 2019 Free Software Foundation, Inc.
This is free software; see the source for copying conditions.  There is NO
warranty; not even for MERCHANTABILITY or FITNESS FOR A PARTICULAR PURPOSE.

configure:2560: $? = 0
configure:2549: gcc -v >&5
Using built-in specs.
COLLECT_GCC=gcc
COLLECT_LTO_WRAPPER=/usr/lib/gcc/x86_64-linux-gnu/9/lto-wrapper
OFFLOAD_TARGET_NAMES=nvptx-none:hsa
OFFLOAD_TARGET_DEFAULT=1
Target: x86_64-linux-gnu
Configured with: ../src/configure -v --with-pkgversion='Debian 9.3.0-15' --with-bugurl=file:///usr/share/doc/gcc-9/README.Bugs --enable-languages=c,ada,c++,go,brig,d,fortran,objc,obj-c++,gm2 --prefix=/usr --with-gcc-major-version-only --program-suffix=-9 --program-prefix=x86_64-linux-gnu- --enable-shared --enable-linker-build-id --libexecdir=/usr/lib --without-included-gettext --enable-threads=posix --libdir=/usr/lib --enable-nls --enable-bootstrap --enable-clocale=gnu --enable-libstdcxx-debug --enable-libstdcxx-time=yes --with-default-libstdcxx-abi=new --enable-gnu-unique-object --disable-vtable-verify --enable-plugin --enable-default-pie --with-system-zlib --with-target-system-zlib=auto --enable-objc-gc=auto --enable-multiarch --disable-werror --with-arch-32=i686 --with-abi=m64 --with-multilib-list=m32,m64,mx32 --enable-multilib --with-tune=generic --enable-offload-targets=nvptx-none=/build/gcc-9-0xEOmg/gcc-9-9.3.0/debian/tmp-nvptx/usr,hsa --without-cuda-driver --enable-checking=release --build=x86_64-linux-gnu --host=x86_64-linux-gnu --target=x86_64-linux-gnu --with-build-config=bootstrap-lto-lean --enable-link-mutex
Thread model: posix
gcc version 9.3.0 (Debian 9.3.0-15) 
configure:2560: $? = 0
configure:2549: gcc -V >&5
gcc: error: unrecognized command line option '-V'
gcc: fatal error: no input files
compilation terminated.
configure:2560: $? = 1
configure:2549: gcc -qversion >&5
gcc: error: unrecognized command line option '-qversion'; did you mean '--version'?
gcc: fatal error: no input files
compilation terminated.
configure:2560: $? = 1
configure:2580: checking whether the C compiler works
configure:2602: gcc    conftest.c  >&5
configure:2606: $? = 0
configure:2654: result: yes
configure:2657: checking for C compiler default output file name
configure:2659: result: a.out
configure:2665: checking for suffix of executables
configure:2672: gcc -o conftest    conftest.c  >&5
configure:2676: $? = 0
configure:2698: result: 
configure:2720: checking whether we are cross compiling
configure:2728: gcc -o conftest    conftest.c  >&5
configure:2732: $? = 0
configure:2739: ./conftest
configure:2743: $? = 0
configure:2731: result: no
configure:2736: checking for suffix of object files
configure:2758: gcc -c   conftest.c >&5
configure:2762: $? = 0
configure:2783: result: o
configure:2787: checking whether we are using the GNU C compiler
configure:2806: gcc -c   conftest.c >&5
configure:2806: $? = 0
configure:2815: result: yes
configure:2824: checking whether gcc accepts -g
configure:2844: gcc -c -g  conftest.c >&5
configure:2844: $? = 0
configure:2885: result: yes
configure:2902: checking for gcc option to accept ISO C89
configure:2966: gcc  -c -g -O2  conftest.c >&5
configure:2966: $? = 0
configure:2979: result: none needed
configure:3004: checking build system type
configure:3018: result: x86_64-unknown-linux-gnu
configure:3038: checking host system type
configure:3051: result: x86_64-unknown-linux-gnu
configure:3092: checking how to run the C preprocessor
configure:3123: gcc -E -D_POSIX_SOURCE -D_BSD_SOURCE -D_DEFAULT_SOURCE -D_XOPEN_SOURCE conftest.c
configure:3123: $? = 0
configure:3137: gcc -E -D_POSIX_SOURCE -D_BSD_SOURCE -D_DEFAULT_SOURCE -D_XOPEN_SOURCE conftest.c
conftest.c:9:10: fatal error: ac_nonexistent.h: No such file or directory
    9 | #include <ac_nonexistent.h>
      |          ^~~~~~~~~~~~~~~~~~
compilation terminated.
configure:3137: $? = 1
configure: failed program was:
| /* confdefs.h */
| #define PACKAGE_NAME "x3270"
| #define PACKAGE_TARNAME "x3270"
| #define PACKAGE_VERSION "3.x"
| #define PACKAGE_STRING "x3270 3.x"
| #define PACKAGE_BUGREPORT ""
| #define PACKAGE_URL ""
| /* end confdefs.h.  */
| #include <ac_nonexistent.h>
configure:3162: result: gcc -E
configure:3182: gcc -E -D_POSIX_SOURCE -D_BSD_SOURCE -D_DEFAULT_SOURCE -D_XOPEN_SOURCE conftest.c
configure:3182: $? = 0
configure:3196: gcc -E -D_POSIX_SOURCE -D_BSD_SOURCE -D_DEFAULT_SOURCE -D_XOPEN_SOURCE conftest.c
conftest.c:9:10: fatal error: ac_nonexistent.h: No such file or directory
    9 | #include <ac_nonexistent.h>
      |          ^~~~~~~~~~~~~~~~~~
compilation terminated.
configure:3196: $? = 1
configure: failed program was:
| /* confdefs.h */
| #define PACKAGE_NAME "x3270"
| #define PACKAGE_TARNAME "x3270"
| #define PACKAGE_VERSION "3.x"
| #define PACKAGE_STRING "x3270 3.x"
| #define PACKAGE_BUGREPORT ""
| #define PACKAGE_URL ""
| /* end confdefs.h.  */
| #include <ac_nonexistent.h>
configure:3225: checking for grep that handles long lines and -e
configure:3283: result: /usr/bin/grep
configure:3288: checking for egrep
configure:3350: result: /usr/bin/grep -E
configure:3355: checking for ANSI C header files
configure:3375: gcc -c -g -O2 -D_POSIX_SOURCE -D_BSD_SOURCE -D_DEFAULT_SOURCE -D_XOPEN_SOURCE conftest.c >&5
configure:3375: $? = 0
configure:3448: gcc -o conftest -g -O2 -D_POSIX_SOURCE -D_BSD_SOURCE -D_DEFAULT_SOURCE -D_XOPEN_SOURCE  conftest.c  >&5
configure:3448: $? = 0
configure:3448: ./conftest
configure:3448: $? = 0
configure:3459: result: yes
configure:3472: checking for sys/types.h
configure:3472: gcc -c -g -O2 -D_POSIX_SOURCE -D_BSD_SOURCE -D_DEFAULT_SOURCE -D_XOPEN_SOURCE conftest.c >&5
configure:3472: $? = 0
configure:3472: result: yes
configure:3472: checking for sys/stat.h
configure:3472: gcc -c -g -O2 -D_POSIX_SOURCE -D_BSD_SOURCE -D_DEFAULT_SOURCE -D_XOPEN_SOURCE conftest.c >&5
configure:3472: $? = 0
configure:3472: result: yes
configure:3472: checking for stdlib.h
configure:3472: gcc -c -g -O2 -D_POSIX_SOURCE -D_BSD_SOURCE -D_DEFAULT_SOURCE -D_XOPEN_SOURCE conftest.c >&5
configure:3472: $? = 0
configure:3472: result: yes
configure:3472: checking for string.h
configure:3472: gcc -c -g -O2 -D_POSIX_SOURCE -D_BSD_SOURCE -D_DEFAULT_SOURCE -D_XOPEN_SOURCE conftest.c >&5
configure:3472: $? = 0
configure:3472: result: yes
configure:3472: checking for memory.h
configure:3472: gcc -c -g -O2 -D_POSIX_SOURCE -D_BSD_SOURCE -D_DEFAULT_SOURCE -D_XOPEN_SOURCE conftest.c >&5
configure:3472: $? = 0
configure:3472: result: yes
configure:3472: checking for strings.h
configure:3472: gcc -c -g -O2 -D_POSIX_SOURCE -D_BSD_SOURCE -D_DEFAULT_SOURCE -D_XOPEN_SOURCE conftest.c >&5
configure:3472: $? = 0
configure:3472: result: yes
configure:3472: checking for inttypes.h
configure:3472: gcc -c -g -O2 -D_POSIX_SOURCE -D_BSD_SOURCE -D_DEFAULT_SOURCE -D_XOPEN_SOURCE conftest.c >&5
configure:3472: $? = 0
configure:3472: result: yes
configure:3472: checking for stdint.h
configure:3472: gcc -c -g -O2 -D_POSIX_SOURCE -D_BSD_SOURCE -D_DEFAULT_SOURCE -D_XOPEN_SOURCE conftest.c >&5
configure:3472: $? = 0
configure:3472: result: yes
configure:3472: checking for unistd.h
configure:3472: gcc -c -g -O2 -D_POSIX_SOURCE -D_BSD_SOURCE -D_DEFAULT_SOURCE -D_XOPEN_SOURCE conftest.c >&5
configure:3472: $? = 0
configure:3472: result: yes
configure:3486: checking sys/select.h usability
configure:3486: gcc -c -g -O2 -D_POSIX_SOURCE -D_BSD_SOURCE -D_DEFAULT_SOURCE -D_XOPEN_SOURCE conftest.c >&5
configure:3486: $? = 0
configure:3486: result: yes
configure:3486: checking sys/select.h presence
configure:3486: gcc -E -D_POSIX_SOURCE -D_BSD_SOURCE -D_DEFAULT_SOURCE -D_XOPEN_SOURCE conftest.c
configure:3486: $? = 0
configure:3486: result: yes
configure:3486: checking for sys/select.h
configure:3486: result: yes
configure:3498: checking pty.h usability
configure:3498: gcc -c -g -O2 -D_POSIX_SOURCE -D_BSD_SOURCE -D_DEFAULT_SOURCE -D_XOPEN_SOURCE conftest.c >&5
configure:3498: $? = 0
configure:3498: result: yes
configure:3498: checking pty.h presence
configure:3498: gcc -E -D_POSIX_SOURCE -D_BSD_SOURCE -D_DEFAULT_SOURCE -D_XOPEN_SOURCE conftest.c
configure:3498: $? = 0
configure:3498: result: yes
configure:3498: checking for pty.h
configure:3498: result: yes
configure:3510: checking libutil.h usability
configure:3510: gcc -c -g -O2 -D_POSIX_SOURCE -D_BSD_SOURCE -D_DEFAULT_SOURCE -D_XOPEN_SOURCE conftest.c >&5
conftest.c:54:10: fatal error: libutil.h: No such file or directory
   54 | #include <libutil.h>
      |          ^~~~~~~~~~~
compilation terminated.
configure:3510: $? = 1
configure: failed program was:
| /* confdefs.h */
| #define PACKAGE_NAME "x3270"
| #define PACKAGE_TARNAME "x3270"
| #define PACKAGE_VERSION "3.x"
| #define PACKAGE_STRING "x3270 3.x"
| #define PACKAGE_BUGREPORT ""
| #define PACKAGE_URL ""
| #define STDC_HEADERS 1
| #define HAVE_SYS_TYPES_H 1
| #define HAVE_SYS_STAT_H 1
| #define HAVE_STDLIB_H 1
| #define HAVE_STRING_H 1
| #define HAVE_MEMORY_H 1
| #define HAVE_STRINGS_H 1
| #define HAVE_INTTYPES_H 1
| #define HAVE_STDINT_H 1
| #define HAVE_UNISTD_H 1
| #define HAVE_SYS_SELECT_H 1
| #define HAVE_PTY_H 1
| /* end confdefs.h.  */
| #include <stdio.h>
| #ifdef HAVE_SYS_TYPES_H
| # include <sys/types.h>
| #endif
| #ifdef HAVE_SYS_STAT_H
| # include <sys/stat.h>
| #endif
| #ifdef STDC_HEADERS
| # include <stdlib.h>
| # include <stddef.h>
| #else
| # ifdef HAVE_STDLIB_H
| #  include <stdlib.h>
| # endif
| #endif
| #ifdef HAVE_STRING_H
| # if !defined STDC_HEADERS && defined HAVE_MEMORY_H
| #  include <memory.h>
| # endif
| # include <string.h>
| #endif
| #ifdef HAVE_STRINGS_H
| # include <strings.h>
| #endif
| #ifdef HAVE_INTTYPES_H
| # include <inttypes.h>
| #endif
| #ifdef HAVE_STDINT_H
| # include <stdint.h>
| #endif
| #ifdef HAVE_UNISTD_H
| # include <unistd.h>
| #endif
| #include <libutil.h>
configure:3510: result: no
configure:3510: checking libutil.h presence
configure:3510: gcc -E -D_POSIX_SOURCE -D_BSD_SOURCE -D_DEFAULT_SOURCE -D_XOPEN_SOURCE conftest.c
conftest.c:21:10: fatal error: libutil.h: No such file or directory
   21 | #include <libutil.h>
      |          ^~~~~~~~~~~
compilation terminated.
configure:3510: $? = 1
configure: failed program was:
| /* confdefs.h */
| #define PACKAGE_NAME "x3270"
| #define PACKAGE_TARNAME "x3270"
| #define PACKAGE_VERSION "3.x"
| #define PACKAGE_STRING "x3270 3.x"
| #define PACKAGE_BUGREPORT ""
| #define PACKAGE_URL ""
| #define STDC_HEADERS 1
| #define HAVE_SYS_TYPES_H 1
| #define HAVE_SYS_STAT_H 1
| #define HAVE_STDLIB_H 1
| #define HAVE_STRING_H 1
| #define HAVE_MEMORY_H 1
| #define HAVE_STRINGS_H 1
| #define HAVE_INTTYPES_H 1
| #define HAVE_STDINT_H 1
| #define HAVE_UNISTD_H 1
| #define HAVE_SYS_SELECT_H 1
| #define HAVE_PTY_H 1
| /* end confdefs.h.  */
| #include <libutil.h>
configure:3510: result: no
configure:3510: checking for libutil.h
configure:3510: result: no
configure:3522: checking util.h usability
configure:3522: gcc -c -g -O2 -D_POSIX_SOURCE -D_BSD_SOURCE -D_DEFAULT_SOURCE -D_XOPEN_SOURCE conftest.c >&5
conftest.c:54:10: fatal error: util.h: No such file or directory
   54 | #include <util.h>
      |          ^~~~~~~~
compilation terminated.
configure:3522: $? = 1
configure: failed program was:
| /* confdefs.h */
| #define PACKAGE_NAME "x3270"
| #define PACKAGE_TARNAME "x3270"
| #define PACKAGE_VERSION "3.x"
| #define PACKAGE_STRING "x3270 3.x"
| #define PACKAGE_BUGREPORT ""
| #define PACKAGE_URL ""
| #define STDC_HEADERS 1
| #define HAVE_SYS_TYPES_H 1
| #define HAVE_SYS_STAT_H 1
| #define HAVE_STDLIB_H 1
| #define HAVE_STRING_H 1
| #define HAVE_MEMORY_H 1
| #define HAVE_STRINGS_H 1
| #define HAVE_INTTYPES_H 1
| #define HAVE_STDINT_H 1
| #define HAVE_UNISTD_H 1
| #define HAVE_SYS_SELECT_H 1
| #define HAVE_PTY_H 1
| /* end confdefs.h.  */
| #include <stdio.h>
| #ifdef HAVE_SYS_TYPES_H
| # include <sys/types.h>
| #endif
| #ifdef HAVE_SYS_STAT_H
| # include <sys/stat.h>
| #endif
| #ifdef STDC_HEADERS
| # include <stdlib.h>
| # include <stddef.h>
| #else
| # ifdef HAVE_STDLIB_H
| #  include <stdlib.h>
| # endif
| #endif
| #ifdef HAVE_STRING_H
| # if !defined STDC_HEADERS && defined HAVE_MEMORY_H
| #  include <memory.h>
| # endif
| # include <string.h>
| #endif
| #ifdef HAVE_STRINGS_H
| # include <strings.h>
| #endif
| #ifdef HAVE_INTTYPES_H
| # include <inttypes.h>
| #endif
| #ifdef HAVE_STDINT_H
| # include <stdint.h>
| #endif
| #ifdef HAVE_UNISTD_H
| # include <unistd.h>
| #endif
| #include <util.h>
configure:3522: result: no
configure:3522: checking util.h presence
configure:3522: gcc -E -D_POSIX_SOURCE -D_BSD_SOURCE -D_DEFAULT_SOURCE -D_XOPEN_SOURCE conftest.c
conftest.c:21:10: fatal error: util.h: No such file or directory
   21 | #include <util.h>
      |          ^~~~~~~~
compilation terminated.
configure:3522: $? = 1
configure: failed program was:
| /* confdefs.h */
| #define PACKAGE_NAME "x3270"
| #define PACKAGE_TARNAME "x3270"
| #define PACKAGE_VERSION "3.x"
| #define PACKAGE_STRING "x3270 3.x"
| #define PACKAGE_BUGREPORT ""
| #define PACKAGE_URL ""
| #define STDC_HEADERS 1
| #define HAVE_SYS_TYPES_H 1
| #define HAVE_SYS_STAT_H 1
| #define HAVE_STDLIB_H 1
| #define HAVE_STRING_H 1
| #define HAVE_MEMORY_H 1
| #define HAVE_STRINGS_H 1
| #define HAVE_INTTYPES_H 1
| #define HAVE_STDINT_H 1
| #define HAVE_UNISTD_H 1
| #define HAVE_SYS_SELECT_H 1
| #define HAVE_PTY_H 1
| /* end confdefs.h.  */
| #include <util.h>
configure:3522: result: no
configure:3522: checking for util.h
configure:3522: result: no
configure:3534: checking getopt.h usability
configure:3534: gcc -c -g -O2 -D_POSIX_SOURCE -D_BSD_SOURCE -D_DEFAULT_SOURCE -D_XOPEN_SOURCE conftest.c >&5
configure:3534: $? = 0
configure:3534: result: yes
configure:3534: checking getopt.h presence
configure:3534: gcc -E -D_POSIX_SOURCE -D_BSD_SOURCE -D_DEFAULT_SOURCE -D_XOPEN_SOURCE conftest.c
configure:3534: $? = 0
configure:3534: result: yes
configure:3534: checking for getopt.h
configure:3534: result: yes
configure:3545: checking for X
configure:3653: gcc -E -D_POSIX_SOURCE -D_BSD_SOURCE -D_DEFAULT_SOURCE -D_XOPEN_SOURCE conftest.c
configure:3653: $? = 0
configure:3684: gcc -o conftest -g -O2 -D_POSIX_SOURCE -D_BSD_SOURCE -D_DEFAULT_SOURCE -D_XOPEN_SOURCE  conftest.c -lX11  >&5
configure:3684: $? = 0
configure:3734: result: libraries , headers 
configure:3784: checking for library containing forkpty
configure:3815: gcc -o conftest -g -O2 -D_POSIX_SOURCE -D_BSD_SOURCE -D_DEFAULT_SOURCE -D_XOPEN_SOURCE  conftest.c  >&5
/usr/bin/ld: /tmp/ccZj13Wp.o: in function `main':
/media/alok/New Volume/share/hacked_wc3270_getch_issue/hacked_wc3270_getch_issue/suite3270-3.6_4/x3270/conftest.c:33: undefined reference to `forkpty'
collect2: error: ld returned 1 exit status
configure:3815: $? = 1
configure: failed program was:
| /* confdefs.h */
| #define PACKAGE_NAME "x3270"
| #define PACKAGE_TARNAME "x3270"
| #define PACKAGE_VERSION "3.x"
| #define PACKAGE_STRING "x3270 3.x"
| #define PACKAGE_BUGREPORT ""
| #define PACKAGE_URL ""
| #define STDC_HEADERS 1
| #define HAVE_SYS_TYPES_H 1
| #define HAVE_SYS_STAT_H 1
| #define HAVE_STDLIB_H 1
| #define HAVE_STRING_H 1
| #define HAVE_MEMORY_H 1
| #define HAVE_STRINGS_H 1
| #define HAVE_INTTYPES_H 1
| #define HAVE_STDINT_H 1
| #define HAVE_UNISTD_H 1
| #define HAVE_SYS_SELECT_H 1
| #define HAVE_PTY_H 1
| #define HAVE_GETOPT_H 1
| /* end confdefs.h.  */
| 
| /* Override any GCC internal prototype to avoid an error.
|    Use char because int might match the return type of a GCC
|    builtin and then its argument prototype would still apply.  */
| #ifdef __cplusplus
| extern "C"
| #endif
| char forkpty ();
| int
| main ()
| {
| return forkpty ();
|   ;
|   return 0;
| }
configure:3815: gcc -o conftest -g -O2 -D_POSIX_SOURCE -D_BSD_SOURCE -D_DEFAULT_SOURCE -D_XOPEN_SOURCE  conftest.c -lutil   >&5
configure:3815: $? = 0
configure:3832: result: -lutil
configure:3842: checking for forkpty
configure:3842: gcc -o conftest -g -O2 -D_POSIX_SOURCE -D_BSD_SOURCE -D_DEFAULT_SOURCE -D_XOPEN_SOURCE  conftest.c -lutil  >&5
configure:3842: $? = 0
configure:3842: result: yes
configure:3851: checking for library containing gethostbyname
configure:3882: gcc -o conftest -g -O2 -D_POSIX_SOURCE -D_BSD_SOURCE -D_DEFAULT_SOURCE -D_XOPEN_SOURCE  conftest.c -lutil  >&5
configure:3882: $? = 0
configure:3899: result: none required
configure:3907: checking for library containing socket
configure:3938: gcc -o conftest -g -O2 -D_POSIX_SOURCE -D_BSD_SOURCE -D_DEFAULT_SOURCE -D_XOPEN_SOURCE  conftest.c -lutil  >&5
configure:3938: $? = 0
configure:3955: result: none required
configure:3965: checking X11/Shell.h usability
configure:3965: gcc -c -g -O2 -D_POSIX_SOURCE -D_BSD_SOURCE -D_DEFAULT_SOURCE -D_XOPEN_SOURCE conftest.c >&5
configure:3965: $? = 0
configure:3965: result: yes
configure:3965: checking X11/Shell.h presence
configure:3965: gcc -E -D_POSIX_SOURCE -D_BSD_SOURCE -D_DEFAULT_SOURCE -D_XOPEN_SOURCE conftest.c
configure:3965: $? = 0
configure:3965: result: yes
configure:3965: checking for X11/Shell.h
configure:3965: result: yes
configure:3979: checking X11/Xmu/Atoms.h usability
configure:3979: gcc -c -g -O2 -D_POSIX_SOURCE -D_BSD_SOURCE -D_DEFAULT_SOURCE -D_XOPEN_SOURCE conftest.c >&5
configure:3979: $? = 0
configure:3979: result: yes
configure:3979: checking X11/Xmu/Atoms.h presence
configure:3979: gcc -E -D_POSIX_SOURCE -D_BSD_SOURCE -D_DEFAULT_SOURCE -D_XOPEN_SOURCE conftest.c
configure:3979: $? = 0
configure:3979: result: yes
configure:3979: checking for X11/Xmu/Atoms.h
configure:3979: result: yes
configure:3993: checking X11/Xaw/Form.h usability
configure:3993: gcc -c -g -O2 -D_POSIX_SOURCE -D_BSD_SOURCE -D_DEFAULT_SOURCE -D_XOPEN_SOURCE conftest.c >&5
configure:3993: $? = 0
configure:3993: result: yes
configure:3993: checking X11/Xaw/Form.h presence
configure:3993: gcc -E -D_POSIX_SOURCE -D_BSD_SOURCE -D_DEFAULT_SOURCE -D_XOPEN_SOURCE conftest.c
configure:3993: $? = 0
configure:3993: result: yes
configure:3993: checking for X11/Xaw/Form.h
configure:3993: result: yes
configure:4005: checking for library containing XFillRectangle
configure:4036: gcc -o conftest -g -O2 -D_POSIX_SOURCE -D_BSD_SOURCE -D_DEFAULT_SOURCE -D_XOPEN_SOURCE  conftest.c -lutil  >&5
/usr/bin/ld: /tmp/ccm39OfG.o: in function `main':
/media/alok/New Volume/share/hacked_wc3270_getch_issue/hacked_wc3270_getch_issue/suite3270-3.6_4/x3270/conftest.c:37: undefined reference to `XFillRectangle'
collect2: error: ld returned 1 exit status
configure:4036: $? = 1
configure: failed program was:
| /* confdefs.h */
| #define PACKAGE_NAME "x3270"
| #define PACKAGE_TARNAME "x3270"
| #define PACKAGE_VERSION "3.x"
| #define PACKAGE_STRING "x3270 3.x"
| #define PACKAGE_BUGREPORT ""
| #define PACKAGE_URL ""
| #define STDC_HEADERS 1
| #define HAVE_SYS_TYPES_H 1
| #define HAVE_SYS_STAT_H 1
| #define HAVE_STDLIB_H 1
| #define HAVE_STRING_H 1
| #define HAVE_MEMORY_H 1
| #define HAVE_STRINGS_H 1
| #define HAVE_INTTYPES_H 1
| #define HAVE_STDINT_H 1
| #define HAVE_UNISTD_H 1
| #define HAVE_SYS_SELECT_H 1
| #define HAVE_PTY_H 1
| #define HAVE_GETOPT_H 1
| #define HAVE_FORKPTY 1
| #define HAVE_X11_SHELL_H 1
| #define HAVE_X11_XMU_ATOMS_H 1
| #define HAVE_X11_XAW_FORM_H 1
| /* end confdefs.h.  */
| 
| /* Override any GCC internal prototype to avoid an error.
|    Use char because int might match the return type of a GCC
|    builtin and then its argument prototype would still apply.  */
| #ifdef __cplusplus
| extern "C"
| #endif
| char XFillRectangle ();
| int
| main ()
| {
| return XFillRectangle ();
|   ;
|   return 0;
| }
configure:4036: gcc -o conftest -g -O2 -D_POSIX_SOURCE -D_BSD_SOURCE -D_DEFAULT_SOURCE -D_XOPEN_SOURCE  conftest.c -lX11  -lutil  >&5
configure:4036: $? = 0
configure:4053: result: -lX11
configure:4063: checking for library containing XtVaSetValues
configure:4094: gcc -o conftest -g -O2 -D_POSIX_SOURCE -D_BSD_SOURCE -D_DEFAULT_SOURCE -D_XOPEN_SOURCE  conftest.c -lX11 -lutil  >&5
/usr/bin/ld: /tmp/ccnaPTGt.o: in function `main':
/media/alok/New Volume/share/hacked_wc3270_getch_issue/hacked_wc3270_getch_issue/suite3270-3.6_4/x3270/conftest.c:37: undefined reference to `XtVaSetValues'
collect2: error: ld returned 1 exit status
configure:4094: $? = 1
configure: failed program was:
| /* confdefs.h */
| #define PACKAGE_NAME "x3270"
| #define PACKAGE_TARNAME "x3270"
| #define PACKAGE_VERSION "3.x"
| #define PACKAGE_STRING "x3270 3.x"
| #define PACKAGE_BUGREPORT ""
| #define PACKAGE_URL ""
| #define STDC_HEADERS 1
| #define HAVE_SYS_TYPES_H 1
| #define HAVE_SYS_STAT_H 1
| #define HAVE_STDLIB_H 1
| #define HAVE_STRING_H 1
| #define HAVE_MEMORY_H 1
| #define HAVE_STRINGS_H 1
| #define HAVE_INTTYPES_H 1
| #define HAVE_STDINT_H 1
| #define HAVE_UNISTD_H 1
| #define HAVE_SYS_SELECT_H 1
| #define HAVE_PTY_H 1
| #define HAVE_GETOPT_H 1
| #define HAVE_FORKPTY 1
| #define HAVE_X11_SHELL_H 1
| #define HAVE_X11_XMU_ATOMS_H 1
| #define HAVE_X11_XAW_FORM_H 1
| /* end confdefs.h.  */
| 
| /* Override any GCC internal prototype to avoid an error.
|    Use char because int might match the return type of a GCC
|    builtin and then its argument prototype would still apply.  */
| #ifdef __cplusplus
| extern "C"
| #endif
| char XtVaSetValues ();
| int
| main ()
| {
| return XtVaSetValues ();
|   ;
|   return 0;
| }
configure:4094: gcc -o conftest -g -O2 -D_POSIX_SOURCE -D_BSD_SOURCE -D_DEFAULT_SOURCE -D_XOPEN_SOURCE  conftest.c -lXt  -lX11 -lutil  >&5
configure:4094: $? = 0
configure:4111: result: -lXt
configure:4121: checking for library containing XmuAddInitializer
configure:4152: gcc -o conftest -g -O2 -D_POSIX_SOURCE -D_BSD_SOURCE -D_DEFAULT_SOURCE -D_XOPEN_SOURCE  conftest.c -lXt -lX11 -lutil  >&5
/usr/bin/ld: /tmp/cc95Sc9i.o: in function `main':
/media/alok/New Volume/share/hacked_wc3270_getch_issue/hacked_wc3270_getch_issue/suite3270-3.6_4/x3270/conftest.c:37: undefined reference to `XmuAddInitializer'
collect2: error: ld returned 1 exit status
configure:4152: $? = 1
configure: failed program was:
| /* confdefs.h */
| #define PACKAGE_NAME "x3270"
| #define PACKAGE_TARNAME "x3270"
| #define PACKAGE_VERSION "3.x"
| #define PACKAGE_STRING "x3270 3.x"
| #define PACKAGE_BUGREPORT ""
| #define PACKAGE_URL ""
| #define STDC_HEADERS 1
| #define HAVE_SYS_TYPES_H 1
| #define HAVE_SYS_STAT_H 1
| #define HAVE_STDLIB_H 1
| #define HAVE_STRING_H 1
| #define HAVE_MEMORY_H 1
| #define HAVE_STRINGS_H 1
| #define HAVE_INTTYPES_H 1
| #define HAVE_STDINT_H 1
| #define HAVE_UNISTD_H 1
| #define HAVE_SYS_SELECT_H 1
| #define HAVE_PTY_H 1
| #define HAVE_GETOPT_H 1
| #define HAVE_FORKPTY 1
| #define HAVE_X11_SHELL_H 1
| #define HAVE_X11_XMU_ATOMS_H 1
| #define HAVE_X11_XAW_FORM_H 1
| /* end confdefs.h.  */
| 
| /* Override any GCC internal prototype to avoid an error.
|    Use char because int might match the return type of a GCC
|    builtin and then its argument prototype would still apply.  */
| #ifdef __cplusplus
| extern "C"
| #endif
| char XmuAddInitializer ();
| int
| main ()
| {
| return XmuAddInitializer ();
|   ;
|   return 0;
| }
configure:4152: gcc -o conftest -g -O2 -D_POSIX_SOURCE -D_BSD_SOURCE -D_DEFAULT_SOURCE -D_XOPEN_SOURCE  conftest.c -lXmu  -lXt -lX11 -lutil  >&5
configure:4152: $? = 0
configure:4169: result: -lXmu
configure:4179: checking for library containing XawInitializeWidgetSet
configure:4210: gcc -o conftest -g -O2 -D_POSIX_SOURCE -D_BSD_SOURCE -D_DEFAULT_SOURCE -D_XOPEN_SOURCE  conftest.c -lXmu -lXt -lX11 -lutil  >&5
/usr/bin/ld: /tmp/cc5Q64R5.o: in function `main':
/media/alok/New Volume/share/hacked_wc3270_getch_issue/hacked_wc3270_getch_issue/suite3270-3.6_4/x3270/conftest.c:37: undefined reference to `XawInitializeWidgetSet'
collect2: error: ld returned 1 exit status
configure:4210: $? = 1
configure: failed program was:
| /* confdefs.h */
| #define PACKAGE_NAME "x3270"
| #define PACKAGE_TARNAME "x3270"
| #define PACKAGE_VERSION "3.x"
| #define PACKAGE_STRING "x3270 3.x"
| #define PACKAGE_BUGREPORT ""
| #define PACKAGE_URL ""
| #define STDC_HEADERS 1
| #define HAVE_SYS_TYPES_H 1
| #define HAVE_SYS_STAT_H 1
| #define HAVE_STDLIB_H 1
| #define HAVE_STRING_H 1
| #define HAVE_MEMORY_H 1
| #define HAVE_STRINGS_H 1
| #define HAVE_INTTYPES_H 1
| #define HAVE_STDINT_H 1
| #define HAVE_UNISTD_H 1
| #define HAVE_SYS_SELECT_H 1
| #define HAVE_PTY_H 1
| #define HAVE_GETOPT_H 1
| #define HAVE_FORKPTY 1
| #define HAVE_X11_SHELL_H 1
| #define HAVE_X11_XMU_ATOMS_H 1
| #define HAVE_X11_XAW_FORM_H 1
| /* end confdefs.h.  */
| 
| /* Override any GCC internal prototype to avoid an error.
|    Use char because int might match the return type of a GCC
|    builtin and then its argument prototype would still apply.  */
| #ifdef __cplusplus
| extern "C"
| #endif
| char XawInitializeWidgetSet ();
| int
| main ()
| {
| return XawInitializeWidgetSet ();
|   ;
|   return 0;
| }
configure:4210: gcc -o conftest -g -O2 -D_POSIX_SOURCE -D_BSD_SOURCE -D_DEFAULT_SOURCE -D_XOPEN_SOURCE  conftest.c -lXaw  -lXmu -lXt -lX11 -lutil  >&5
configure:4210: $? = 0
configure:4227: result: -lXaw
configure:4240: checking for vasprintf
configure:4240: gcc -o conftest -g -O2 -D_POSIX_SOURCE -D_BSD_SOURCE -D_DEFAULT_SOURCE -D_XOPEN_SOURCE  conftest.c -lXaw -lXmu -lXt -lX11 -lutil  >&5
configure:4240: $? = 0
configure:4240: result: yes
configure:4249: checking for _LARGEFILE_SOURCE value needed for large files
configure:4268: gcc -o conftest -g -O2 -D_POSIX_SOURCE -D_BSD_SOURCE -D_DEFAULT_SOURCE -D_XOPEN_SOURCE  conftest.c -lXaw -lXmu -lXt -lX11 -lutil  >&5
configure:4268: $? = 0
configure:4296: result: no
configure:4320: checking for bdftopcf
configure:4336: found /usr/bin/bdftopcf
configure:4348: result: found
configure:4361: checking for mkfontdir
configure:4377: found /usr/bin/mkfontdir
configure:4389: result: found
configure:4549: creating ./config.status

## ---------------------- ##
## Running config.status. ##
## ---------------------- ##

This file was extended by x3270 config.status 3.x, which was
generated by GNU Autoconf 2.68.  Invocation command line was

  CONFIG_FILES    = 
  CONFIG_HEADERS  = 
  CONFIG_LINKS    = 
  CONFIG_COMMANDS = 
  $ ./config.status 

on kaliSSD

config.status:841: creating Makefile
config.status:841: creating conf.h
configure:5833: creating ./config.status

## ---------------------- ##
## Running config.status. ##
## ---------------------- ##

This file was extended by x3270 config.status 3.x, which was
generated by GNU Autoconf 2.68.  Invocation command line was

  CONFIG_FILES    = 
  CONFIG_HEADERS  = 
  CONFIG_LINKS    = 
  CONFIG_COMMANDS = 
  $ ./config.status 

on kaliSSD

config.status:842: creating Makefile
config.status:842: creating Makefile.obj
config.status:842: creating conf.h
config.status:1017: conf.h is unchanged

## ---------------- ##
## Cache variables. ##
## ---------------- ##

ac_cv_build=x86_64-unknown-linux-gnu
ac_cv_c_compiler_gnu=yes
ac_cv_env_CC_set=
ac_cv_env_CC_value=
ac_cv_env_CFLAGS_set=
ac_cv_env_CFLAGS_value=
ac_cv_env_CPPFLAGS_set=
ac_cv_env_CPPFLAGS_value=
ac_cv_env_CPP_set=
ac_cv_env_CPP_value=
ac_cv_env_LDFLAGS_set=
ac_cv_env_LDFLAGS_value=
ac_cv_env_LIBS_set=
ac_cv_env_LIBS_value=
ac_cv_env_XMKMF_set=
ac_cv_env_XMKMF_value=
ac_cv_env_build_alias_set=
ac_cv_env_build_alias_value=
ac_cv_env_host_alias_set=
ac_cv_env_host_alias_value=
ac_cv_env_target_alias_set=
ac_cv_env_target_alias_value=
ac_cv_func_forkpty=yes
ac_cv_func_vasprintf=yes
ac_cv_have_x='have_x=yes	ac_x_includes='\'''\''	ac_x_libraries='\'''\'''
ac_cv_header_X11_Shell_h=yes
ac_cv_header_X11_Xaw_Form_h=yes
ac_cv_header_X11_Xmu_Atoms_h=yes
ac_cv_header_getopt_h=yes
ac_cv_header_inttypes_h=yes
ac_cv_header_libutil_h=no
ac_cv_header_memory_h=yes
ac_cv_header_pty_h=yes
ac_cv_header_stdc=yes
ac_cv_header_stdint_h=yes
ac_cv_header_stdlib_h=yes
ac_cv_header_string_h=yes
ac_cv_header_strings_h=yes
ac_cv_header_sys_select_h=yes
ac_cv_header_sys_stat_h=yes
ac_cv_header_sys_types_h=yes
ac_cv_header_unistd_h=yes
ac_cv_header_util_h=no
ac_cv_host=x86_64-unknown-linux-gnu
ac_cv_objext=o
ac_cv_path_EGREP='/usr/bin/grep -E'
ac_cv_path_GREP=/usr/bin/grep
ac_cv_path_install='/usr/bin/install -c'
ac_cv_prog_CPP='gcc -E'
ac_cv_prog_ac_ct_CC=gcc
ac_cv_prog_bdftopcf_found=found
ac_cv_prog_cc_c89=
ac_cv_prog_cc_g=yes
ac_cv_prog_mkfontdir_found=found
ac_cv_search_XFillRectangle=-lX11
ac_cv_search_XawInitializeWidgetSet=-lXaw
ac_cv_search_XmuAddInitializer=-lXmu
ac_cv_search_XtVaSetValues=-lXt
ac_cv_search_forkpty=-lutil
ac_cv_search_gethostbyname='none required'
ac_cv_search_socket='none required'
ac_cv_sys_largefile_source=no

## ----------------- ##
## Output variables. ##
## ----------------- ##

CC='gcc'
CCOPTIONS=' -Wall -Wsign-compare -std=c99 -pedantic -Wno-variadic-macros -MMD -MP'
CFLAGS='-g -O2'
CIFONTDIR='$(exec_prefix)/fonts/misc'
CPP='gcc -E'
CPPFLAGS='-D_POSIX_SOURCE -D_BSD_SOURCE -D_DEFAULT_SOURCE -D_XOPEN_SOURCE'
DEFINE_UAD=''
DEFS='-DHAVE_CONFIG_H'
ECHO_C=''
ECHO_N='-n'
ECHO_T=''
EGREP='/usr/bin/grep -E'
EXEEXT=''
FALLBACKS_O='fallbacks.o'
GREP='/usr/bin/grep'
IFONTDIR='$(FONTDIR)/misc'
INSTALL_DATA='${INSTALL} -m 644'
INSTALL_PROGRAM='${INSTALL}'
INSTALL_SCRIPT='${INSTALL}'
LDFLAGS=''
LIBOBJS=''
LIBS='-lXaw -lXmu -lXt -lX11 -lutil '
LIBX3270DIR='${sysconfdir}/x3270'
LTLIBOBJS=''
OBJEXT='o'
PACKAGE_BUGREPORT=''
PACKAGE_NAME='x3270'
PACKAGE_STRING='x3270 3.x'
PACKAGE_TARNAME='x3270'
PACKAGE_URL=''
PACKAGE_VERSION='3.x'
PATH_SEPARATOR=':'
SHELL='/bin/bash'
UAD_FLAGS='-DCOLOR'
XINC=''
XLIB=''
XMKMF=''
ac_ct_CC='gcc'
bdftopcf_found='found'
bindir='${exec_prefix}/bin'
build='x86_64-unknown-linux-gnu'
build_alias=''
build_cpu='x86_64'
build_os='linux-gnu'
build_vendor='unknown'
datadir='${datarootdir}'
datarootdir='${prefix}/share'
docdir='${datarootdir}/doc/${PACKAGE_TARNAME}'
dvidir='${docdir}'
exec_prefix='${prefix}'
host='x86_64-unknown-linux-gnu'
host_alias=''
host_cpu='x86_64'
host_os='linux-gnu'
host_vendor='unknown'
htmldir='${docdir}'
includedir='${prefix}/include'
infodir='${datarootdir}/info'
libdir='${exec_prefix}/lib'
libexecdir='${exec_prefix}/libexec'
localedir='${datarootdir}/locale'
localstatedir='${prefix}/var'
mandir='${datarootdir}/man'
mkfontdir_found='found'
oldincludedir='/usr/include'
pdfdir='${docdir}'
prefix='/usr/local'
program_transform_name='s,x,x,'
psdir='${docdir}'
sbindir='${exec_prefix}/sbin'
sharedstatedir='${prefix}/com'
sysconfdir='${prefix}/etc'
target_alias=''

## ----------- ##
## confdefs.h. ##
## ----------- ##

/* confdefs.h */
#define PACKAGE_NAME "x3270"
#define PACKAGE_TARNAME "x3270"
#define PACKAGE_VERSION "3.x"
#define PACKAGE_STRING "x3270 3.x"
#define PACKAGE_BUGREPORT ""
#define PACKAGE_URL ""
#define STDC_HEADERS 1
#define HAVE_SYS_TYPES_H 1
#define HAVE_SYS_STAT_H 1
#define HAVE_STDLIB_H 1
#define HAVE_STRING_H 1
#define HAVE_MEMORY_H 1
#define HAVE_STRINGS_H 1
#define HAVE_INTTYPES_H 1
#define HAVE_STDINT_H 1
#define HAVE_UNISTD_H 1
#define HAVE_SYS_SELECT_H 1
#define HAVE_PTY_H 1
#define HAVE_GETOPT_H 1
#define HAVE_FORKPTY 1
#define HAVE_X11_SHELL_H 1
#define HAVE_X11_XMU_ATOMS_H 1
#define HAVE_X11_XAW_FORM_H 1
#define HAVE_VASPRINTF 1
#define HAVE_FSEEKO 1
#define X3270_DBCS 1
#define X3270_LOCAL_PROCESS 1
#define X3270_IPV6 1

configure: exit 0
