This file contains any messages produced by compilers while
running configure, to aid debugging if configure makes a mistake.

It was created by suite3270-lib configure 3.x, which was
generated by GNU Autoconf 2.68.  Invocation command line was

  $ ./configure --disable-option-checking --prefix=/usr/local --cache-file=/dev/null --srcdir=.

## --------- ##
## Platform. ##
## --------- ##

hostname = kaliSSD
uname -m = x86_64
uname -r = 5.7.0-kali1-amd64
uname -s = Linux
uname -v = #1 SMP Debian 5.7.6-1kali2 (2020-07-01)

/usr/bin/uname -p = unknown
/bin/uname -X     = unknown

/bin/arch              = x86_64
/usr/bin/arch -k       = unknown
/usr/convex/getsysinfo = unknown
/usr/bin/hostinfo      = unknown
/bin/machine           = unknown
/usr/bin/oslevel       = unknown
/bin/universe          = unknown

PATH: /usr/local/bin
PATH: /usr/bin
PATH: /bin
PATH: /usr/local/games
PATH: /usr/games


## ----------- ##
## Core tests. ##
## ----------- ##

configure:2196: checking for a BSD-compatible install
configure:2264: result: /usr/bin/install -c
configure:2323: checking for gcc
configure:2339: found /usr/bin/gcc
configure:2350: result: gcc
configure:2579: checking for C compiler version
configure:2588: gcc --version >&5
gcc (Debian 9.3.0-15) 9.3.0
Copyright (C) 2019 Free Software Foundation, Inc.
This is free software; see the source for copying conditions.  There is NO
warranty; not even for MERCHANTABILITY or FITNESS FOR A PARTICULAR PURPOSE.

configure:2599: $? = 0
configure:2588: gcc -v >&5
Using built-in specs.
COLLECT_GCC=gcc
COLLECT_LTO_WRAPPER=/usr/lib/gcc/x86_64-linux-gnu/9/lto-wrapper
OFFLOAD_TARGET_NAMES=nvptx-none:hsa
OFFLOAD_TARGET_DEFAULT=1
Target: x86_64-linux-gnu
Configured with: ../src/configure -v --with-pkgversion='Debian 9.3.0-15' --with-bugurl=file:///usr/share/doc/gcc-9/README.Bugs --enable-languages=c,ada,c++,go,brig,d,fortran,objc,obj-c++,gm2 --prefix=/usr --with-gcc-major-version-only --program-suffix=-9 --program-prefix=x86_64-linux-gnu- --enable-shared --enable-linker-build-id --libexecdir=/usr/lib --without-included-gettext --enable-threads=posix --libdir=/usr/lib --enable-nls --enable-bootstrap --enable-clocale=gnu --enable-libstdcxx-debug --enable-libstdcxx-time=yes --with-default-libstdcxx-abi=new --enable-gnu-unique-object --disable-vtable-verify --enable-plugin --enable-default-pie --with-system-zlib --with-target-system-zlib=auto --enable-objc-gc=auto --enable-multiarch --disable-werror --with-arch-32=i686 --with-abi=m64 --with-multilib-list=m32,m64,mx32 --enable-multilib --with-tune=generic --enable-offload-targets=nvptx-none=/build/gcc-9-0xEOmg/gcc-9-9.3.0/debian/tmp-nvptx/usr,hsa --without-cuda-driver --enable-checking=release --build=x86_64-linux-gnu --host=x86_64-linux-gnu --target=x86_64-linux-gnu --with-build-config=bootstrap-lto-lean --enable-link-mutex
Thread model: posix
gcc version 9.3.0 (Debian 9.3.0-15) 
configure:2599: $? = 0
configure:2588: gcc -V >&5
gcc: error: unrecognized command line option '-V'
gcc: fatal error: no input files
compilation terminated.
configure:2599: $? = 1
configure:2588: gcc -qversion >&5
gcc: error: unrecognized command line option '-qversion'; did you mean '--version'?
gcc: fatal error: no input files
compilation terminated.
configure:2599: $? = 1
configure:2619: checking whether the C compiler works
configure:2641: gcc    conftest.c  >&5
configure:2645: $? = 0
configure:2693: result: yes
configure:2696: checking for C compiler default output file name
configure:2698: result: a.out
configure:2704: checking for suffix of executables
configure:2711: gcc -o conftest    conftest.c  >&5
configure:2715: $? = 0
configure:2737: result: 
configure:2759: checking whether we are cross compiling
configure:2767: gcc -o conftest    conftest.c  >&5
configure:2771: $? = 0
configure:2778: ./conftest
configure:2782: $? = 0
configure:2770: result: no
configure:2775: checking for suffix of object files
configure:2797: gcc -c   conftest.c >&5
configure:2801: $? = 0
configure:2822: result: o
configure:2826: checking whether we are using the GNU C compiler
configure:2845: gcc -c   conftest.c >&5
configure:2845: $? = 0
configure:2854: result: yes
configure:2863: checking whether gcc accepts -g
configure:2883: gcc -c -g  conftest.c >&5
configure:2883: $? = 0
configure:2924: result: yes
configure:2941: checking for gcc option to accept ISO C89
configure:3005: gcc  -c -g -O2  conftest.c >&5
configure:3005: $? = 0
configure:3018: result: none needed
configure:3081: checking for ranlib
configure:3097: found /usr/bin/ranlib
configure:3108: result: ranlib
configure:3135: checking build system type
configure:3149: result: x86_64-unknown-linux-gnu
configure:3169: checking host system type
configure:3182: result: x86_64-unknown-linux-gnu
configure:3233: checking how to run the C preprocessor
configure:3264: gcc -E -D_POSIX_SOURCE -D_BSD_SOURCE -D_DEFAULT_SOURCE -D_XOPEN_SOURCE conftest.c
configure:3264: $? = 0
configure:3278: gcc -E -D_POSIX_SOURCE -D_BSD_SOURCE -D_DEFAULT_SOURCE -D_XOPEN_SOURCE conftest.c
conftest.c:9:10: fatal error: ac_nonexistent.h: No such file or directory
    9 | #include <ac_nonexistent.h>
      |          ^~~~~~~~~~~~~~~~~~
compilation terminated.
configure:3278: $? = 1
configure: failed program was:
| /* confdefs.h */
| #define PACKAGE_NAME "suite3270-lib"
| #define PACKAGE_TARNAME "suite3270-lib"
| #define PACKAGE_VERSION "3.x"
| #define PACKAGE_STRING "suite3270-lib 3.x"
| #define PACKAGE_BUGREPORT ""
| #define PACKAGE_URL ""
| /* end confdefs.h.  */
| #include <ac_nonexistent.h>
configure:3303: result: gcc -E
configure:3323: gcc -E -D_POSIX_SOURCE -D_BSD_SOURCE -D_DEFAULT_SOURCE -D_XOPEN_SOURCE conftest.c
configure:3323: $? = 0
configure:3337: gcc -E -D_POSIX_SOURCE -D_BSD_SOURCE -D_DEFAULT_SOURCE -D_XOPEN_SOURCE conftest.c
conftest.c:9:10: fatal error: ac_nonexistent.h: No such file or directory
    9 | #include <ac_nonexistent.h>
      |          ^~~~~~~~~~~~~~~~~~
compilation terminated.
configure:3337: $? = 1
configure: failed program was:
| /* confdefs.h */
| #define PACKAGE_NAME "suite3270-lib"
| #define PACKAGE_TARNAME "suite3270-lib"
| #define PACKAGE_VERSION "3.x"
| #define PACKAGE_STRING "suite3270-lib 3.x"
| #define PACKAGE_BUGREPORT ""
| #define PACKAGE_URL ""
| /* end confdefs.h.  */
| #include <ac_nonexistent.h>
configure:3366: checking for grep that handles long lines and -e
configure:3424: result: /usr/bin/grep
configure:3429: checking for egrep
configure:3491: result: /usr/bin/grep -E
configure:3496: checking for ANSI C header files
configure:3516: gcc -c -g -O2 -D_POSIX_SOURCE -D_BSD_SOURCE -D_DEFAULT_SOURCE -D_XOPEN_SOURCE conftest.c >&5
configure:3516: $? = 0
configure:3589: gcc -o conftest -g -O2 -D_POSIX_SOURCE -D_BSD_SOURCE -D_DEFAULT_SOURCE -D_XOPEN_SOURCE  conftest.c  >&5
configure:3589: $? = 0
configure:3589: ./conftest
configure:3589: $? = 0
configure:3600: result: yes
configure:3613: checking for sys/types.h
configure:3613: gcc -c -g -O2 -D_POSIX_SOURCE -D_BSD_SOURCE -D_DEFAULT_SOURCE -D_XOPEN_SOURCE conftest.c >&5
configure:3613: $? = 0
configure:3613: result: yes
configure:3613: checking for sys/stat.h
configure:3613: gcc -c -g -O2 -D_POSIX_SOURCE -D_BSD_SOURCE -D_DEFAULT_SOURCE -D_XOPEN_SOURCE conftest.c >&5
configure:3613: $? = 0
configure:3613: result: yes
configure:3613: checking for stdlib.h
configure:3613: gcc -c -g -O2 -D_POSIX_SOURCE -D_BSD_SOURCE -D_DEFAULT_SOURCE -D_XOPEN_SOURCE conftest.c >&5
configure:3613: $? = 0
configure:3613: result: yes
configure:3613: checking for string.h
configure:3613: gcc -c -g -O2 -D_POSIX_SOURCE -D_BSD_SOURCE -D_DEFAULT_SOURCE -D_XOPEN_SOURCE conftest.c >&5
configure:3613: $? = 0
configure:3613: result: yes
configure:3613: checking for memory.h
configure:3613: gcc -c -g -O2 -D_POSIX_SOURCE -D_BSD_SOURCE -D_DEFAULT_SOURCE -D_XOPEN_SOURCE conftest.c >&5
configure:3613: $? = 0
configure:3613: result: yes
configure:3613: checking for strings.h
configure:3613: gcc -c -g -O2 -D_POSIX_SOURCE -D_BSD_SOURCE -D_DEFAULT_SOURCE -D_XOPEN_SOURCE conftest.c >&5
configure:3613: $? = 0
configure:3613: result: yes
configure:3613: checking for inttypes.h
configure:3613: gcc -c -g -O2 -D_POSIX_SOURCE -D_BSD_SOURCE -D_DEFAULT_SOURCE -D_XOPEN_SOURCE conftest.c >&5
configure:3613: $? = 0
configure:3613: result: yes
configure:3613: checking for stdint.h
configure:3613: gcc -c -g -O2 -D_POSIX_SOURCE -D_BSD_SOURCE -D_DEFAULT_SOURCE -D_XOPEN_SOURCE conftest.c >&5
configure:3613: $? = 0
configure:3613: result: yes
configure:3613: checking for unistd.h
configure:3613: gcc -c -g -O2 -D_POSIX_SOURCE -D_BSD_SOURCE -D_DEFAULT_SOURCE -D_XOPEN_SOURCE conftest.c >&5
configure:3613: $? = 0
configure:3613: result: yes
configure:3627: checking sys/select.h usability
configure:3627: gcc -c -g -O2 -D_POSIX_SOURCE -D_BSD_SOURCE -D_DEFAULT_SOURCE -D_XOPEN_SOURCE conftest.c >&5
configure:3627: $? = 0
configure:3627: result: yes
configure:3627: checking sys/select.h presence
configure:3627: gcc -E -D_POSIX_SOURCE -D_BSD_SOURCE -D_DEFAULT_SOURCE -D_XOPEN_SOURCE conftest.c
configure:3627: $? = 0
configure:3627: result: yes
configure:3627: checking for sys/select.h
configure:3627: result: yes
configure:3639: checking readline/history.h usability
configure:3639: gcc -c -g -O2 -D_POSIX_SOURCE -D_BSD_SOURCE -D_DEFAULT_SOURCE -D_XOPEN_SOURCE conftest.c >&5
conftest.c:53:10: fatal error: readline/history.h: No such file or directory
   53 | #include <readline/history.h>
      |          ^~~~~~~~~~~~~~~~~~~~
compilation terminated.
configure:3639: $? = 1
configure: failed program was:
| /* confdefs.h */
| #define PACKAGE_NAME "suite3270-lib"
| #define PACKAGE_TARNAME "suite3270-lib"
| #define PACKAGE_VERSION "3.x"
| #define PACKAGE_STRING "suite3270-lib 3.x"
| #define PACKAGE_BUGREPORT ""
| #define PACKAGE_URL ""
| #define STDC_HEADERS 1
| #define HAVE_SYS_TYPES_H 1
| #define HAVE_SYS_STAT_H 1
| #define HAVE_STDLIB_H 1
| #define HAVE_STRING_H 1
| #define HAVE_MEMORY_H 1
| #define HAVE_STRINGS_H 1
| #define HAVE_INTTYPES_H 1
| #define HAVE_STDINT_H 1
| #define HAVE_UNISTD_H 1
| #define HAVE_SYS_SELECT_H 1
| /* end confdefs.h.  */
| #include <stdio.h>
| #ifdef HAVE_SYS_TYPES_H
| # include <sys/types.h>
| #endif
| #ifdef HAVE_SYS_STAT_H
| # include <sys/stat.h>
| #endif
| #ifdef STDC_HEADERS
| # include <stdlib.h>
| # include <stddef.h>
| #else
| # ifdef HAVE_STDLIB_H
| #  include <stdlib.h>
| # endif
| #endif
| #ifdef HAVE_STRING_H
| # if !defined STDC_HEADERS && defined HAVE_MEMORY_H
| #  include <memory.h>
| # endif
| # include <string.h>
| #endif
| #ifdef HAVE_STRINGS_H
| # include <strings.h>
| #endif
| #ifdef HAVE_INTTYPES_H
| # include <inttypes.h>
| #endif
| #ifdef HAVE_STDINT_H
| # include <stdint.h>
| #endif
| #ifdef HAVE_UNISTD_H
| # include <unistd.h>
| #endif
| #include <readline/history.h>
configure:3639: result: no
configure:3639: checking readline/history.h presence
configure:3639: gcc -E -D_POSIX_SOURCE -D_BSD_SOURCE -D_DEFAULT_SOURCE -D_XOPEN_SOURCE conftest.c
conftest.c:20:10: fatal error: readline/history.h: No such file or directory
   20 | #include <readline/history.h>
      |          ^~~~~~~~~~~~~~~~~~~~
compilation terminated.
configure:3639: $? = 1
configure: failed program was:
| /* confdefs.h */
| #define PACKAGE_NAME "suite3270-lib"
| #define PACKAGE_TARNAME "suite3270-lib"
| #define PACKAGE_VERSION "3.x"
| #define PACKAGE_STRING "suite3270-lib 3.x"
| #define PACKAGE_BUGREPORT ""
| #define PACKAGE_URL ""
| #define STDC_HEADERS 1
| #define HAVE_SYS_TYPES_H 1
| #define HAVE_SYS_STAT_H 1
| #define HAVE_STDLIB_H 1
| #define HAVE_STRING_H 1
| #define HAVE_MEMORY_H 1
| #define HAVE_STRINGS_H 1
| #define HAVE_INTTYPES_H 1
| #define HAVE_STDINT_H 1
| #define HAVE_UNISTD_H 1
| #define HAVE_SYS_SELECT_H 1
| /* end confdefs.h.  */
| #include <readline/history.h>
configure:3639: result: no
configure:3639: checking for readline/history.h
configure:3639: result: no
configure:3651: checking pty.h usability
configure:3651: gcc -c -g -O2 -D_POSIX_SOURCE -D_BSD_SOURCE -D_DEFAULT_SOURCE -D_XOPEN_SOURCE conftest.c >&5
configure:3651: $? = 0
configure:3651: result: yes
configure:3651: checking pty.h presence
configure:3651: gcc -E -D_POSIX_SOURCE -D_BSD_SOURCE -D_DEFAULT_SOURCE -D_XOPEN_SOURCE conftest.c
configure:3651: $? = 0
configure:3651: result: yes
configure:3651: checking for pty.h
configure:3651: result: yes
configure:3663: checking libutil.h usability
configure:3663: gcc -c -g -O2 -D_POSIX_SOURCE -D_BSD_SOURCE -D_DEFAULT_SOURCE -D_XOPEN_SOURCE conftest.c >&5
conftest.c:54:10: fatal error: libutil.h: No such file or directory
   54 | #include <libutil.h>
      |          ^~~~~~~~~~~
compilation terminated.
configure:3663: $? = 1
configure: failed program was:
| /* confdefs.h */
| #define PACKAGE_NAME "suite3270-lib"
| #define PACKAGE_TARNAME "suite3270-lib"
| #define PACKAGE_VERSION "3.x"
| #define PACKAGE_STRING "suite3270-lib 3.x"
| #define PACKAGE_BUGREPORT ""
| #define PACKAGE_URL ""
| #define STDC_HEADERS 1
| #define HAVE_SYS_TYPES_H 1
| #define HAVE_SYS_STAT_H 1
| #define HAVE_STDLIB_H 1
| #define HAVE_STRING_H 1
| #define HAVE_MEMORY_H 1
| #define HAVE_STRINGS_H 1
| #define HAVE_INTTYPES_H 1
| #define HAVE_STDINT_H 1
| #define HAVE_UNISTD_H 1
| #define HAVE_SYS_SELECT_H 1
| #define HAVE_PTY_H 1
| /* end confdefs.h.  */
| #include <stdio.h>
| #ifdef HAVE_SYS_TYPES_H
| # include <sys/types.h>
| #endif
| #ifdef HAVE_SYS_STAT_H
| # include <sys/stat.h>
| #endif
| #ifdef STDC_HEADERS
| # include <stdlib.h>
| # include <stddef.h>
| #else
| # ifdef HAVE_STDLIB_H
| #  include <stdlib.h>
| # endif
| #endif
| #ifdef HAVE_STRING_H
| # if !defined STDC_HEADERS && defined HAVE_MEMORY_H
| #  include <memory.h>
| # endif
| # include <string.h>
| #endif
| #ifdef HAVE_STRINGS_H
| # include <strings.h>
| #endif
| #ifdef HAVE_INTTYPES_H
| # include <inttypes.h>
| #endif
| #ifdef HAVE_STDINT_H
| # include <stdint.h>
| #endif
| #ifdef HAVE_UNISTD_H
| # include <unistd.h>
| #endif
| #include <libutil.h>
configure:3663: result: no
configure:3663: checking libutil.h presence
configure:3663: gcc -E -D_POSIX_SOURCE -D_BSD_SOURCE -D_DEFAULT_SOURCE -D_XOPEN_SOURCE conftest.c
conftest.c:21:10: fatal error: libutil.h: No such file or directory
   21 | #include <libutil.h>
      |          ^~~~~~~~~~~
compilation terminated.
configure:3663: $? = 1
configure: failed program was:
| /* confdefs.h */
| #define PACKAGE_NAME "suite3270-lib"
| #define PACKAGE_TARNAME "suite3270-lib"
| #define PACKAGE_VERSION "3.x"
| #define PACKAGE_STRING "suite3270-lib 3.x"
| #define PACKAGE_BUGREPORT ""
| #define PACKAGE_URL ""
| #define STDC_HEADERS 1
| #define HAVE_SYS_TYPES_H 1
| #define HAVE_SYS_STAT_H 1
| #define HAVE_STDLIB_H 1
| #define HAVE_STRING_H 1
| #define HAVE_MEMORY_H 1
| #define HAVE_STRINGS_H 1
| #define HAVE_INTTYPES_H 1
| #define HAVE_STDINT_H 1
| #define HAVE_UNISTD_H 1
| #define HAVE_SYS_SELECT_H 1
| #define HAVE_PTY_H 1
| /* end confdefs.h.  */
| #include <libutil.h>
configure:3663: result: no
configure:3663: checking for libutil.h
configure:3663: result: no
configure:3675: checking util.h usability
configure:3675: gcc -c -g -O2 -D_POSIX_SOURCE -D_BSD_SOURCE -D_DEFAULT_SOURCE -D_XOPEN_SOURCE conftest.c >&5
conftest.c:54:10: fatal error: util.h: No such file or directory
   54 | #include <util.h>
      |          ^~~~~~~~
compilation terminated.
configure:3675: $? = 1
configure: failed program was:
| /* confdefs.h */
| #define PACKAGE_NAME "suite3270-lib"
| #define PACKAGE_TARNAME "suite3270-lib"
| #define PACKAGE_VERSION "3.x"
| #define PACKAGE_STRING "suite3270-lib 3.x"
| #define PACKAGE_BUGREPORT ""
| #define PACKAGE_URL ""
| #define STDC_HEADERS 1
| #define HAVE_SYS_TYPES_H 1
| #define HAVE_SYS_STAT_H 1
| #define HAVE_STDLIB_H 1
| #define HAVE_STRING_H 1
| #define HAVE_MEMORY_H 1
| #define HAVE_STRINGS_H 1
| #define HAVE_INTTYPES_H 1
| #define HAVE_STDINT_H 1
| #define HAVE_UNISTD_H 1
| #define HAVE_SYS_SELECT_H 1
| #define HAVE_PTY_H 1
| /* end confdefs.h.  */
| #include <stdio.h>
| #ifdef HAVE_SYS_TYPES_H
| # include <sys/types.h>
| #endif
| #ifdef HAVE_SYS_STAT_H
| # include <sys/stat.h>
| #endif
| #ifdef STDC_HEADERS
| # include <stdlib.h>
| # include <stddef.h>
| #else
| # ifdef HAVE_STDLIB_H
| #  include <stdlib.h>
| # endif
| #endif
| #ifdef HAVE_STRING_H
| # if !defined STDC_HEADERS && defined HAVE_MEMORY_H
| #  include <memory.h>
| # endif
| # include <string.h>
| #endif
| #ifdef HAVE_STRINGS_H
| # include <strings.h>
| #endif
| #ifdef HAVE_INTTYPES_H
| # include <inttypes.h>
| #endif
| #ifdef HAVE_STDINT_H
| # include <stdint.h>
| #endif
| #ifdef HAVE_UNISTD_H
| # include <unistd.h>
| #endif
| #include <util.h>
configure:3675: result: no
configure:3675: checking util.h presence
configure:3675: gcc -E -D_POSIX_SOURCE -D_BSD_SOURCE -D_DEFAULT_SOURCE -D_XOPEN_SOURCE conftest.c
conftest.c:21:10: fatal error: util.h: No such file or directory
   21 | #include <util.h>
      |          ^~~~~~~~
compilation terminated.
configure:3675: $? = 1
configure: failed program was:
| /* confdefs.h */
| #define PACKAGE_NAME "suite3270-lib"
| #define PACKAGE_TARNAME "suite3270-lib"
| #define PACKAGE_VERSION "3.x"
| #define PACKAGE_STRING "suite3270-lib 3.x"
| #define PACKAGE_BUGREPORT ""
| #define PACKAGE_URL ""
| #define STDC_HEADERS 1
| #define HAVE_SYS_TYPES_H 1
| #define HAVE_SYS_STAT_H 1
| #define HAVE_STDLIB_H 1
| #define HAVE_STRING_H 1
| #define HAVE_MEMORY_H 1
| #define HAVE_STRINGS_H 1
| #define HAVE_INTTYPES_H 1
| #define HAVE_STDINT_H 1
| #define HAVE_UNISTD_H 1
| #define HAVE_SYS_SELECT_H 1
| #define HAVE_PTY_H 1
| /* end confdefs.h.  */
| #include <util.h>
configure:3675: result: no
configure:3675: checking for util.h
configure:3675: result: no
configure:3687: checking getopt.h usability
configure:3687: gcc -c -g -O2 -D_POSIX_SOURCE -D_BSD_SOURCE -D_DEFAULT_SOURCE -D_XOPEN_SOURCE conftest.c >&5
configure:3687: $? = 0
configure:3687: result: yes
configure:3687: checking getopt.h presence
configure:3687: gcc -E -D_POSIX_SOURCE -D_BSD_SOURCE -D_DEFAULT_SOURCE -D_XOPEN_SOURCE conftest.c
configure:3687: $? = 0
configure:3687: result: yes
configure:3687: checking for getopt.h
configure:3687: result: yes
configure:3731: checking openssl/ssl.h usability
configure:3731: gcc -c -g -O2 -D_POSIX_SOURCE -D_BSD_SOURCE -D_DEFAULT_SOURCE -D_XOPEN_SOURCE conftest.c >&5
conftest.c:55:10: fatal error: openssl/ssl.h: No such file or directory
   55 | #include <openssl/ssl.h>
      |          ^~~~~~~~~~~~~~~
compilation terminated.
configure:3731: $? = 1
configure: failed program was:
| /* confdefs.h */
| #define PACKAGE_NAME "suite3270-lib"
| #define PACKAGE_TARNAME "suite3270-lib"
| #define PACKAGE_VERSION "3.x"
| #define PACKAGE_STRING "suite3270-lib 3.x"
| #define PACKAGE_BUGREPORT ""
| #define PACKAGE_URL ""
| #define STDC_HEADERS 1
| #define HAVE_SYS_TYPES_H 1
| #define HAVE_SYS_STAT_H 1
| #define HAVE_STDLIB_H 1
| #define HAVE_STRING_H 1
| #define HAVE_MEMORY_H 1
| #define HAVE_STRINGS_H 1
| #define HAVE_INTTYPES_H 1
| #define HAVE_STDINT_H 1
| #define HAVE_UNISTD_H 1
| #define HAVE_SYS_SELECT_H 1
| #define HAVE_PTY_H 1
| #define HAVE_GETOPT_H 1
| /* end confdefs.h.  */
| #include <stdio.h>
| #ifdef HAVE_SYS_TYPES_H
| # include <sys/types.h>
| #endif
| #ifdef HAVE_SYS_STAT_H
| # include <sys/stat.h>
| #endif
| #ifdef STDC_HEADERS
| # include <stdlib.h>
| # include <stddef.h>
| #else
| # ifdef HAVE_STDLIB_H
| #  include <stdlib.h>
| # endif
| #endif
| #ifdef HAVE_STRING_H
| # if !defined STDC_HEADERS && defined HAVE_MEMORY_H
| #  include <memory.h>
| # endif
| # include <string.h>
| #endif
| #ifdef HAVE_STRINGS_H
| # include <strings.h>
| #endif
| #ifdef HAVE_INTTYPES_H
| # include <inttypes.h>
| #endif
| #ifdef HAVE_STDINT_H
| # include <stdint.h>
| #endif
| #ifdef HAVE_UNISTD_H
| # include <unistd.h>
| #endif
| #include <openssl/ssl.h>
configure:3731: result: no
configure:3731: checking openssl/ssl.h presence
configure:3731: gcc -E -D_POSIX_SOURCE -D_BSD_SOURCE -D_DEFAULT_SOURCE -D_XOPEN_SOURCE conftest.c
conftest.c:22:10: fatal error: openssl/ssl.h: No such file or directory
   22 | #include <openssl/ssl.h>
      |          ^~~~~~~~~~~~~~~
compilation terminated.
configure:3731: $? = 1
configure: failed program was:
| /* confdefs.h */
| #define PACKAGE_NAME "suite3270-lib"
| #define PACKAGE_TARNAME "suite3270-lib"
| #define PACKAGE_VERSION "3.x"
| #define PACKAGE_STRING "suite3270-lib 3.x"
| #define PACKAGE_BUGREPORT ""
| #define PACKAGE_URL ""
| #define STDC_HEADERS 1
| #define HAVE_SYS_TYPES_H 1
| #define HAVE_SYS_STAT_H 1
| #define HAVE_STDLIB_H 1
| #define HAVE_STRING_H 1
| #define HAVE_MEMORY_H 1
| #define HAVE_STRINGS_H 1
| #define HAVE_INTTYPES_H 1
| #define HAVE_STDINT_H 1
| #define HAVE_UNISTD_H 1
| #define HAVE_SYS_SELECT_H 1
| #define HAVE_PTY_H 1
| #define HAVE_GETOPT_H 1
| /* end confdefs.h.  */
| #include <openssl/ssl.h>
configure:3731: result: no
configure:3731: checking for openssl/ssl.h
configure:3731: result: no
configure:3723: retrying with -I/usr/local/include
configure:3731: checking openssl/ssl.h usability
configure:3731: gcc -c -g -O2 -D_POSIX_SOURCE -D_BSD_SOURCE -D_DEFAULT_SOURCE -D_XOPEN_SOURCE -I/usr/local/include conftest.c >&5
conftest.c:55:10: fatal error: openssl/ssl.h: No such file or directory
   55 | #include <openssl/ssl.h>
      |          ^~~~~~~~~~~~~~~
compilation terminated.
configure:3731: $? = 1
configure: failed program was:
| /* confdefs.h */
| #define PACKAGE_NAME "suite3270-lib"
| #define PACKAGE_TARNAME "suite3270-lib"
| #define PACKAGE_VERSION "3.x"
| #define PACKAGE_STRING "suite3270-lib 3.x"
| #define PACKAGE_BUGREPORT ""
| #define PACKAGE_URL ""
| #define STDC_HEADERS 1
| #define HAVE_SYS_TYPES_H 1
| #define HAVE_SYS_STAT_H 1
| #define HAVE_STDLIB_H 1
| #define HAVE_STRING_H 1
| #define HAVE_MEMORY_H 1
| #define HAVE_STRINGS_H 1
| #define HAVE_INTTYPES_H 1
| #define HAVE_STDINT_H 1
| #define HAVE_UNISTD_H 1
| #define HAVE_SYS_SELECT_H 1
| #define HAVE_PTY_H 1
| #define HAVE_GETOPT_H 1
| /* end confdefs.h.  */
| #include <stdio.h>
| #ifdef HAVE_SYS_TYPES_H
| # include <sys/types.h>
| #endif
| #ifdef HAVE_SYS_STAT_H
| # include <sys/stat.h>
| #endif
| #ifdef STDC_HEADERS
| # include <stdlib.h>
| # include <stddef.h>
| #else
| # ifdef HAVE_STDLIB_H
| #  include <stdlib.h>
| # endif
| #endif
| #ifdef HAVE_STRING_H
| # if !defined STDC_HEADERS && defined HAVE_MEMORY_H
| #  include <memory.h>
| # endif
| # include <string.h>
| #endif
| #ifdef HAVE_STRINGS_H
| # include <strings.h>
| #endif
| #ifdef HAVE_INTTYPES_H
| # include <inttypes.h>
| #endif
| #ifdef HAVE_STDINT_H
| # include <stdint.h>
| #endif
| #ifdef HAVE_UNISTD_H
| # include <unistd.h>
| #endif
| #include <openssl/ssl.h>
configure:3731: result: no
configure:3731: checking openssl/ssl.h presence
configure:3731: gcc -E -D_POSIX_SOURCE -D_BSD_SOURCE -D_DEFAULT_SOURCE -D_XOPEN_SOURCE -I/usr/local/include conftest.c
conftest.c:22:10: fatal error: openssl/ssl.h: No such file or directory
   22 | #include <openssl/ssl.h>
      |          ^~~~~~~~~~~~~~~
compilation terminated.
configure:3731: $? = 1
configure: failed program was:
| /* confdefs.h */
| #define PACKAGE_NAME "suite3270-lib"
| #define PACKAGE_TARNAME "suite3270-lib"
| #define PACKAGE_VERSION "3.x"
| #define PACKAGE_STRING "suite3270-lib 3.x"
| #define PACKAGE_BUGREPORT ""
| #define PACKAGE_URL ""
| #define STDC_HEADERS 1
| #define HAVE_SYS_TYPES_H 1
| #define HAVE_SYS_STAT_H 1
| #define HAVE_STDLIB_H 1
| #define HAVE_STRING_H 1
| #define HAVE_MEMORY_H 1
| #define HAVE_STRINGS_H 1
| #define HAVE_INTTYPES_H 1
| #define HAVE_STDINT_H 1
| #define HAVE_UNISTD_H 1
| #define HAVE_SYS_SELECT_H 1
| #define HAVE_PTY_H 1
| #define HAVE_GETOPT_H 1
| /* end confdefs.h.  */
| #include <openssl/ssl.h>
configure:3731: result: no
configure:3731: checking for openssl/ssl.h
configure:3731: result: no
configure:3751: WARNING: Disabling OpenSSL -- missing headers
configure:3759: checking whether __STDC_ISO_10646__ is declared
configure:3759: gcc -c -g -O2 -D_POSIX_SOURCE -D_BSD_SOURCE -D_DEFAULT_SOURCE -D_XOPEN_SOURCE conftest.c >&5
configure:3759: $? = 0
configure:3759: result: yes
configure:3791: checking for library containing forkpty
configure:3822: gcc -o conftest -g -O2 -D_POSIX_SOURCE -D_BSD_SOURCE -D_DEFAULT_SOURCE -D_XOPEN_SOURCE  conftest.c  >&5
/usr/bin/ld: /tmp/ccdQLEUj.o: in function `main':
/media/alok/New Volume/share/hacked_wc3270_getch_issue/hacked_wc3270_getch_issue/suite3270-3.6_4/lib/conftest.c:34: undefined reference to `forkpty'
collect2: error: ld returned 1 exit status
configure:3822: $? = 1
configure: failed program was:
| /* confdefs.h */
| #define PACKAGE_NAME "suite3270-lib"
| #define PACKAGE_TARNAME "suite3270-lib"
| #define PACKAGE_VERSION "3.x"
| #define PACKAGE_STRING "suite3270-lib 3.x"
| #define PACKAGE_BUGREPORT ""
| #define PACKAGE_URL ""
| #define STDC_HEADERS 1
| #define HAVE_SYS_TYPES_H 1
| #define HAVE_SYS_STAT_H 1
| #define HAVE_STDLIB_H 1
| #define HAVE_STRING_H 1
| #define HAVE_MEMORY_H 1
| #define HAVE_STRINGS_H 1
| #define HAVE_INTTYPES_H 1
| #define HAVE_STDINT_H 1
| #define HAVE_UNISTD_H 1
| #define HAVE_SYS_SELECT_H 1
| #define HAVE_PTY_H 1
| #define HAVE_GETOPT_H 1
| #define HAVE_DECL___STDC_ISO_10646__ 1
| /* end confdefs.h.  */
| 
| /* Override any GCC internal prototype to avoid an error.
|    Use char because int might match the return type of a GCC
|    builtin and then its argument prototype would still apply.  */
| #ifdef __cplusplus
| extern "C"
| #endif
| char forkpty ();
| int
| main ()
| {
| return forkpty ();
|   ;
|   return 0;
| }
configure:3822: gcc -o conftest -g -O2 -D_POSIX_SOURCE -D_BSD_SOURCE -D_DEFAULT_SOURCE -D_XOPEN_SOURCE  conftest.c -lutil   >&5
configure:3822: $? = 0
configure:3839: result: -lutil
configure:3849: checking for forkpty
configure:3849: gcc -o conftest -g -O2 -D_POSIX_SOURCE -D_BSD_SOURCE -D_DEFAULT_SOURCE -D_XOPEN_SOURCE  conftest.c -lutil  >&5
configure:3849: $? = 0
configure:3849: result: yes
configure:3858: checking for library containing gethostbyname
configure:3889: gcc -o conftest -g -O2 -D_POSIX_SOURCE -D_BSD_SOURCE -D_DEFAULT_SOURCE -D_XOPEN_SOURCE  conftest.c -lutil  >&5
configure:3889: $? = 0
configure:3906: result: none required
configure:3914: checking for library containing socket
configure:3945: gcc -o conftest -g -O2 -D_POSIX_SOURCE -D_BSD_SOURCE -D_DEFAULT_SOURCE -D_XOPEN_SOURCE  conftest.c -lutil  >&5
configure:3945: $? = 0
configure:3962: result: none required
configure:3972: checking iconv.h usability
configure:3972: gcc -c -g -O2 -D_POSIX_SOURCE -D_BSD_SOURCE -D_DEFAULT_SOURCE -D_XOPEN_SOURCE conftest.c >&5
configure:3972: $? = 0
configure:3972: result: yes
configure:3972: checking iconv.h presence
configure:3972: gcc -E -D_POSIX_SOURCE -D_BSD_SOURCE -D_DEFAULT_SOURCE -D_XOPEN_SOURCE conftest.c
configure:3972: $? = 0
configure:3972: result: yes
configure:3972: checking for iconv.h
configure:3972: result: yes
configure:3982: checking for library containing libiconv
configure:4013: gcc -o conftest -g -O2 -D_POSIX_SOURCE -D_BSD_SOURCE -D_DEFAULT_SOURCE -D_XOPEN_SOURCE  conftest.c -lutil  >&5
/usr/bin/ld: /tmp/ccOn12uE.o: in function `main':
/media/alok/New Volume/share/hacked_wc3270_getch_issue/hacked_wc3270_getch_issue/suite3270-3.6_4/lib/conftest.c:36: undefined reference to `libiconv'
collect2: error: ld returned 1 exit status
configure:4013: $? = 1
configure: failed program was:
| /* confdefs.h */
| #define PACKAGE_NAME "suite3270-lib"
| #define PACKAGE_TARNAME "suite3270-lib"
| #define PACKAGE_VERSION "3.x"
| #define PACKAGE_STRING "suite3270-lib 3.x"
| #define PACKAGE_BUGREPORT ""
| #define PACKAGE_URL ""
| #define STDC_HEADERS 1
| #define HAVE_SYS_TYPES_H 1
| #define HAVE_SYS_STAT_H 1
| #define HAVE_STDLIB_H 1
| #define HAVE_STRING_H 1
| #define HAVE_MEMORY_H 1
| #define HAVE_STRINGS_H 1
| #define HAVE_INTTYPES_H 1
| #define HAVE_STDINT_H 1
| #define HAVE_UNISTD_H 1
| #define HAVE_SYS_SELECT_H 1
| #define HAVE_PTY_H 1
| #define HAVE_GETOPT_H 1
| #define HAVE_DECL___STDC_ISO_10646__ 1
| #define HAVE_FORKPTY 1
| #define HAVE_ICONV_H 1
| /* end confdefs.h.  */
| 
| /* Override any GCC internal prototype to avoid an error.
|    Use char because int might match the return type of a GCC
|    builtin and then its argument prototype would still apply.  */
| #ifdef __cplusplus
| extern "C"
| #endif
| char libiconv ();
| int
| main ()
| {
| return libiconv ();
|   ;
|   return 0;
| }
configure:4013: gcc -o conftest -g -O2 -D_POSIX_SOURCE -D_BSD_SOURCE -D_DEFAULT_SOURCE -D_XOPEN_SOURCE  conftest.c -liconv  -lutil  >&5
/usr/bin/ld: cannot find -liconv
collect2: error: ld returned 1 exit status
configure:4013: $? = 1
configure: failed program was:
| /* confdefs.h */
| #define PACKAGE_NAME "suite3270-lib"
| #define PACKAGE_TARNAME "suite3270-lib"
| #define PACKAGE_VERSION "3.x"
| #define PACKAGE_STRING "suite3270-lib 3.x"
| #define PACKAGE_BUGREPORT ""
| #define PACKAGE_URL ""
| #define STDC_HEADERS 1
| #define HAVE_SYS_TYPES_H 1
| #define HAVE_SYS_STAT_H 1
| #define HAVE_STDLIB_H 1
| #define HAVE_STRING_H 1
| #define HAVE_MEMORY_H 1
| #define HAVE_STRINGS_H 1
| #define HAVE_INTTYPES_H 1
| #define HAVE_STDINT_H 1
| #define HAVE_UNISTD_H 1
| #define HAVE_SYS_SELECT_H 1
| #define HAVE_PTY_H 1
| #define HAVE_GETOPT_H 1
| #define HAVE_DECL___STDC_ISO_10646__ 1
| #define HAVE_FORKPTY 1
| #define HAVE_ICONV_H 1
| /* end confdefs.h.  */
| 
| /* Override any GCC internal prototype to avoid an error.
|    Use char because int might match the return type of a GCC
|    builtin and then its argument prototype would still apply.  */
| #ifdef __cplusplus
| extern "C"
| #endif
| char libiconv ();
| int
| main ()
| {
| return libiconv ();
|   ;
|   return 0;
| }
configure:4030: result: no
configure:4037: checking for library containing iconv
configure:4068: gcc -o conftest -g -O2 -D_POSIX_SOURCE -D_BSD_SOURCE -D_DEFAULT_SOURCE -D_XOPEN_SOURCE  conftest.c -lutil  >&5
configure:4068: $? = 0
configure:4085: result: none required
configure:4105: checking for vasprintf
configure:4105: gcc -o conftest -g -O2 -D_POSIX_SOURCE -D_BSD_SOURCE -D_DEFAULT_SOURCE -D_XOPEN_SOURCE  conftest.c -lutil  >&5
configure:4105: $? = 0
configure:4105: result: yes
configure:4114: checking for _LARGEFILE_SOURCE value needed for large files
configure:4133: gcc -o conftest -g -O2 -D_POSIX_SOURCE -D_BSD_SOURCE -D_DEFAULT_SOURCE -D_XOPEN_SOURCE  conftest.c -lutil  >&5
configure:4133: $? = 0
configure:4161: result: no
configure:4506: creating ./config.status

## ---------------------- ##
## Running config.status. ##
## ---------------------- ##

This file was extended by suite3270-lib config.status 3.x, which was
generated by GNU Autoconf 2.68.  Invocation command line was

  CONFIG_FILES    = 
  CONFIG_HEADERS  = 
  CONFIG_LINKS    = 
  CONFIG_COMMANDS = 
  $ ./config.status 

on kaliSSD

config.status:845: creating 3270/Makefile
config.status:845: creating 3270/Makefile.obj
config.status:845: creating 3270i/Makefile
config.status:845: creating 3270i/Makefile.obj
config.status:845: creating 32xx/Makefile
config.status:845: creating 32xx/Makefile.obj
config.status:845: creating 3270stubs/Makefile
config.status:845: creating 3270stubs/Makefile.obj
config.status:845: creating 32xx/32xx-deplibs.mk
config.status:845: creating include/unix/conf.h

## ---------------- ##
## Cache variables. ##
## ---------------- ##

ac_cv_build=x86_64-unknown-linux-gnu
ac_cv_c_compiler_gnu=yes
ac_cv_env_CC_set=
ac_cv_env_CC_value=
ac_cv_env_CFLAGS_set=
ac_cv_env_CFLAGS_value=
ac_cv_env_CPPFLAGS_set=
ac_cv_env_CPPFLAGS_value=
ac_cv_env_CPP_set=
ac_cv_env_CPP_value=
ac_cv_env_LDFLAGS_set=
ac_cv_env_LDFLAGS_value=
ac_cv_env_LIBS_set=
ac_cv_env_LIBS_value=
ac_cv_env_build_alias_set=
ac_cv_env_build_alias_value=
ac_cv_env_host_alias_set=
ac_cv_env_host_alias_value=
ac_cv_env_target_alias_set=
ac_cv_env_target_alias_value=
ac_cv_func_forkpty=yes
ac_cv_func_vasprintf=yes
ac_cv_have_decl___STDC_ISO_10646__=yes
ac_cv_header_getopt_h=yes
ac_cv_header_iconv_h=yes
ac_cv_header_inttypes_h=yes
ac_cv_header_libutil_h=no
ac_cv_header_memory_h=yes
ac_cv_header_pty_h=yes
ac_cv_header_readline_history_h=no
ac_cv_header_stdc=yes
ac_cv_header_stdint_h=yes
ac_cv_header_stdlib_h=yes
ac_cv_header_string_h=yes
ac_cv_header_strings_h=yes
ac_cv_header_sys_select_h=yes
ac_cv_header_sys_stat_h=yes
ac_cv_header_sys_types_h=yes
ac_cv_header_unistd_h=yes
ac_cv_header_util_h=no
ac_cv_host=x86_64-unknown-linux-gnu
ac_cv_objext=o
ac_cv_path_EGREP='/usr/bin/grep -E'
ac_cv_path_GREP=/usr/bin/grep
ac_cv_path_install='/usr/bin/install -c'
ac_cv_prog_CPP='gcc -E'
ac_cv_prog_ac_ct_CC=gcc
ac_cv_prog_ac_ct_RANLIB=ranlib
ac_cv_prog_cc_c89=
ac_cv_prog_cc_g=yes
ac_cv_search_forkpty=-lutil
ac_cv_search_gethostbyname='none required'
ac_cv_search_iconv='none required'
ac_cv_search_libiconv=no
ac_cv_search_socket='none required'
ac_cv_sys_largefile_source=no

## ----------------- ##
## Output variables. ##
## ----------------- ##

CC='gcc'
CCOPTIONS=' -Wall -Wsign-compare -std=c99 -pedantic -Wno-variadic-macros -MMD -MP'
CFLAGS='-g -O2'
CONNECT_GETPEERNAME=''
CPP='gcc -E'
CPPFLAGS='-D_POSIX_SOURCE -D_BSD_SOURCE -D_DEFAULT_SOURCE -D_XOPEN_SOURCE'
DEFS='-DHAVE_CONFIG_H'
ECHO_C=''
ECHO_N='-n'
ECHO_T=''
EGREP='/usr/bin/grep -E'
EXEEXT=''
GREP='/usr/bin/grep'
ICONV_LIBS=''
INSTALL_DATA='${INSTALL} -m 644'
INSTALL_PROGRAM='${INSTALL}'
INSTALL_SCRIPT='${INSTALL}'
LDFLAGS=''
LIBOBJS=''
LIBS='-lutil '
LIBX3270DIR='${sysconfdir}/x3270'
LTLIBOBJS=''
OBJEXT='o'
PACKAGE_BUGREPORT=''
PACKAGE_NAME='suite3270-lib'
PACKAGE_STRING='suite3270-lib 3.x'
PACKAGE_TARNAME='suite3270-lib'
PACKAGE_URL=''
PACKAGE_VERSION='3.x'
PATH_SEPARATOR=':'
RANLIB='ranlib'
SHELL='/bin/bash'
SSL_LDFLAGS=''
SSL_LIBS=''
SSL_MODULES=''
USE_ICONV=''
ac_ct_CC='gcc'
bindir='${exec_prefix}/bin'
build='x86_64-unknown-linux-gnu'
build_alias=''
build_cpu='x86_64'
build_os='linux-gnu'
build_vendor='unknown'
datadir='${datarootdir}'
datarootdir='${prefix}/share'
docdir='${datarootdir}/doc/${PACKAGE_TARNAME}'
dvidir='${docdir}'
exec_prefix='${prefix}'
host='x86_64-unknown-linux-gnu'
host_alias=''
host_cpu='x86_64'
host_os='linux-gnu'
host_vendor='unknown'
htmldir='${docdir}'
includedir='${prefix}/include'
infodir='${datarootdir}/info'
libdir='${exec_prefix}/lib'
libexecdir='${exec_prefix}/libexec'
localedir='${datarootdir}/locale'
localstatedir='${prefix}/var'
mandir='${datarootdir}/man'
oldincludedir='/usr/include'
pdfdir='${docdir}'
prefix='/usr/local'
program_transform_name='s,x,x,'
psdir='${docdir}'
sbindir='${exec_prefix}/sbin'
sharedstatedir='${prefix}/com'
sysconfdir='${prefix}/etc'
target_alias=''

## ----------- ##
## confdefs.h. ##
## ----------- ##

/* confdefs.h */
#define PACKAGE_NAME "suite3270-lib"
#define PACKAGE_TARNAME "suite3270-lib"
#define PACKAGE_VERSION "3.x"
#define PACKAGE_STRING "suite3270-lib 3.x"
#define PACKAGE_BUGREPORT ""
#define PACKAGE_URL ""
#define STDC_HEADERS 1
#define HAVE_SYS_TYPES_H 1
#define HAVE_SYS_STAT_H 1
#define HAVE_STDLIB_H 1
#define HAVE_STRING_H 1
#define HAVE_MEMORY_H 1
#define HAVE_STRINGS_H 1
#define HAVE_INTTYPES_H 1
#define HAVE_STDINT_H 1
#define HAVE_UNISTD_H 1
#define HAVE_SYS_SELECT_H 1
#define HAVE_PTY_H 1
#define HAVE_GETOPT_H 1
#define HAVE_DECL___STDC_ISO_10646__ 1
#define HAVE_FORKPTY 1
#define HAVE_ICONV_H 1
#define HAVE_VASPRINTF 1
#define HAVE_FSEEKO 1
#define X3270_DBCS 1
#define X3270_LOCAL_PROCESS 1
#define X3270_IPV6 1

configure: exit 0
