This file contains any messages produced by compilers while
running configure, to aid debugging if configure makes a mistake.

It was created by s3270 configure 3.x, which was
generated by GNU Autoconf 2.68.  Invocation command line was

  $ ./configure 

## --------- ##
## Platform. ##
## --------- ##

hostname = kaliSSD
uname -m = x86_64
uname -r = 5.7.0-kali1-amd64
uname -s = Linux
uname -v = #1 SMP Debian 5.7.6-1kali2 (2020-07-01)

/usr/bin/uname -p = unknown
/bin/uname -X     = unknown

/bin/arch              = x86_64
/usr/bin/arch -k       = unknown
/usr/convex/getsysinfo = unknown
/usr/bin/hostinfo      = unknown
/bin/machine           = unknown
/usr/bin/oslevel       = unknown
/bin/universe          = unknown

PATH: /usr/local/bin
PATH: /usr/bin
PATH: /bin
PATH: /usr/local/games
PATH: /usr/games


## ----------- ##
## Core tests. ##
## ----------- ##

configure:2129: checking for a BSD-compatible install
configure:2197: result: /usr/bin/install -c
configure:2256: checking for gcc
configure:2272: found /usr/bin/gcc
configure:2283: result: gcc
configure:2512: checking for C compiler version
configure:2521: gcc --version >&5
gcc (Debian 9.3.0-15) 9.3.0
Copyright (C) 2019 Free Software Foundation, Inc.
This is free software; see the source for copying conditions.  There is NO
warranty; not even for MERCHANTABILITY or FITNESS FOR A PARTICULAR PURPOSE.

configure:2532: $? = 0
configure:2521: gcc -v >&5
Using built-in specs.
COLLECT_GCC=gcc
COLLECT_LTO_WRAPPER=/usr/lib/gcc/x86_64-linux-gnu/9/lto-wrapper
OFFLOAD_TARGET_NAMES=nvptx-none:hsa
OFFLOAD_TARGET_DEFAULT=1
Target: x86_64-linux-gnu
Configured with: ../src/configure -v --with-pkgversion='Debian 9.3.0-15' --with-bugurl=file:///usr/share/doc/gcc-9/README.Bugs --enable-languages=c,ada,c++,go,brig,d,fortran,objc,obj-c++,gm2 --prefix=/usr --with-gcc-major-version-only --program-suffix=-9 --program-prefix=x86_64-linux-gnu- --enable-shared --enable-linker-build-id --libexecdir=/usr/lib --without-included-gettext --enable-threads=posix --libdir=/usr/lib --enable-nls --enable-bootstrap --enable-clocale=gnu --enable-libstdcxx-debug --enable-libstdcxx-time=yes --with-default-libstdcxx-abi=new --enable-gnu-unique-object --disable-vtable-verify --enable-plugin --enable-default-pie --with-system-zlib --with-target-system-zlib=auto --enable-objc-gc=auto --enable-multiarch --disable-werror --with-arch-32=i686 --with-abi=m64 --with-multilib-list=m32,m64,mx32 --enable-multilib --with-tune=generic --enable-offload-targets=nvptx-none=/build/gcc-9-0xEOmg/gcc-9-9.3.0/debian/tmp-nvptx/usr,hsa --without-cuda-driver --enable-checking=release --build=x86_64-linux-gnu --host=x86_64-linux-gnu --target=x86_64-linux-gnu --with-build-config=bootstrap-lto-lean --enable-link-mutex
Thread model: posix
gcc version 9.3.0 (Debian 9.3.0-15) 
configure:2532: $? = 0
configure:2521: gcc -V >&5
gcc: error: unrecognized command line option '-V'
gcc: fatal error: no input files
compilation terminated.
configure:2532: $? = 1
configure:2521: gcc -qversion >&5
gcc: error: unrecognized command line option '-qversion'; did you mean '--version'?
gcc: fatal error: no input files
compilation terminated.
configure:2532: $? = 1
configure:2552: checking whether the C compiler works
configure:2574: gcc    conftest.c  >&5
configure:2578: $? = 0
configure:2626: result: yes
configure:2629: checking for C compiler default output file name
configure:2631: result: a.out
configure:2637: checking for suffix of executables
configure:2644: gcc -o conftest    conftest.c  >&5
configure:2648: $? = 0
configure:2670: result: 
configure:2692: checking whether we are cross compiling
configure:2700: gcc -o conftest    conftest.c  >&5
configure:2704: $? = 0
configure:2711: ./conftest
configure:2715: $? = 0
configure:2703: result: no
configure:2708: checking for suffix of object files
configure:2730: gcc -c   conftest.c >&5
configure:2734: $? = 0
configure:2755: result: o
configure:2759: checking whether we are using the GNU C compiler
configure:2778: gcc -c   conftest.c >&5
configure:2778: $? = 0
configure:2787: result: yes
configure:2796: checking whether gcc accepts -g
configure:2816: gcc -c -g  conftest.c >&5
configure:2816: $? = 0
configure:2857: result: yes
configure:2874: checking for gcc option to accept ISO C89
configure:2938: gcc  -c -g -O2  conftest.c >&5
configure:2938: $? = 0
configure:2951: result: none needed
configure:2976: checking build system type
configure:2990: result: x86_64-unknown-linux-gnu
configure:3010: checking host system type
configure:3023: result: x86_64-unknown-linux-gnu
configure:3062: checking for library containing forkpty
configure:3093: gcc -o conftest -g -O2 -D_POSIX_SOURCE  conftest.c  >&5
/usr/bin/ld: /tmp/cci5zE0i.o: in function `main':
/media/alok/New Volume/share/hacked_wc3270_getch_issue/hacked_wc3270_getch_issue/suite3270-3.6_4/s3270/conftest.c:20: undefined reference to `forkpty'
collect2: error: ld returned 1 exit status
configure:3093: $? = 1
configure: failed program was:
| /* confdefs.h */
| #define PACKAGE_NAME "s3270"
| #define PACKAGE_TARNAME "s3270"
| #define PACKAGE_VERSION "3.x"
| #define PACKAGE_STRING "s3270 3.x"
| #define PACKAGE_BUGREPORT ""
| #define PACKAGE_URL ""
| /* end confdefs.h.  */
| 
| /* Override any GCC internal prototype to avoid an error.
|    Use char because int might match the return type of a GCC
|    builtin and then its argument prototype would still apply.  */
| #ifdef __cplusplus
| extern "C"
| #endif
| char forkpty ();
| int
| main ()
| {
| return forkpty ();
|   ;
|   return 0;
| }
configure:3093: gcc -o conftest -g -O2 -D_POSIX_SOURCE  conftest.c -lutil   >&5
configure:3093: $? = 0
configure:3110: result: -lutil
configure:3120: checking for forkpty
configure:3120: gcc -o conftest -g -O2 -D_POSIX_SOURCE  conftest.c -lutil  >&5
configure:3120: $? = 0
configure:3120: result: yes
configure:3129: checking for library containing gethostbyname
configure:3160: gcc -o conftest -g -O2 -D_POSIX_SOURCE  conftest.c -lutil  >&5
configure:3160: $? = 0
configure:3177: result: none required
configure:3185: checking for library containing socket
configure:3216: gcc -o conftest -g -O2 -D_POSIX_SOURCE  conftest.c -lutil  >&5
configure:3216: $? = 0
configure:3233: result: none required
configure:3247: checking how to run the C preprocessor
configure:3278: gcc -E -D_POSIX_SOURCE conftest.c
configure:3278: $? = 0
configure:3292: gcc -E -D_POSIX_SOURCE conftest.c
conftest.c:10:10: fatal error: ac_nonexistent.h: No such file or directory
   10 | #include <ac_nonexistent.h>
      |          ^~~~~~~~~~~~~~~~~~
compilation terminated.
configure:3292: $? = 1
configure: failed program was:
| /* confdefs.h */
| #define PACKAGE_NAME "s3270"
| #define PACKAGE_TARNAME "s3270"
| #define PACKAGE_VERSION "3.x"
| #define PACKAGE_STRING "s3270 3.x"
| #define PACKAGE_BUGREPORT ""
| #define PACKAGE_URL ""
| #define HAVE_FORKPTY 1
| /* end confdefs.h.  */
| #include <ac_nonexistent.h>
configure:3317: result: gcc -E
configure:3337: gcc -E -D_POSIX_SOURCE conftest.c
configure:3337: $? = 0
configure:3351: gcc -E -D_POSIX_SOURCE conftest.c
conftest.c:10:10: fatal error: ac_nonexistent.h: No such file or directory
   10 | #include <ac_nonexistent.h>
      |          ^~~~~~~~~~~~~~~~~~
compilation terminated.
configure:3351: $? = 1
configure: failed program was:
| /* confdefs.h */
| #define PACKAGE_NAME "s3270"
| #define PACKAGE_TARNAME "s3270"
| #define PACKAGE_VERSION "3.x"
| #define PACKAGE_STRING "s3270 3.x"
| #define PACKAGE_BUGREPORT ""
| #define PACKAGE_URL ""
| #define HAVE_FORKPTY 1
| /* end confdefs.h.  */
| #include <ac_nonexistent.h>
configure:3380: checking for grep that handles long lines and -e
configure:3438: result: /usr/bin/grep
configure:3443: checking for egrep
configure:3505: result: /usr/bin/grep -E
configure:3510: checking for ANSI C header files
configure:3530: gcc -c -g -O2 -D_POSIX_SOURCE conftest.c >&5
configure:3530: $? = 0
configure:3603: gcc -o conftest -g -O2 -D_POSIX_SOURCE  conftest.c -lutil  >&5
configure:3603: $? = 0
configure:3603: ./conftest
configure:3603: $? = 0
configure:3614: result: yes
configure:3627: checking for sys/types.h
configure:3627: gcc -c -g -O2 -D_POSIX_SOURCE conftest.c >&5
configure:3627: $? = 0
configure:3627: result: yes
configure:3627: checking for sys/stat.h
configure:3627: gcc -c -g -O2 -D_POSIX_SOURCE conftest.c >&5
configure:3627: $? = 0
configure:3627: result: yes
configure:3627: checking for stdlib.h
configure:3627: gcc -c -g -O2 -D_POSIX_SOURCE conftest.c >&5
configure:3627: $? = 0
configure:3627: result: yes
configure:3627: checking for string.h
configure:3627: gcc -c -g -O2 -D_POSIX_SOURCE conftest.c >&5
configure:3627: $? = 0
configure:3627: result: yes
configure:3627: checking for memory.h
configure:3627: gcc -c -g -O2 -D_POSIX_SOURCE conftest.c >&5
configure:3627: $? = 0
configure:3627: result: yes
configure:3627: checking for strings.h
configure:3627: gcc -c -g -O2 -D_POSIX_SOURCE conftest.c >&5
configure:3627: $? = 0
configure:3627: result: yes
configure:3627: checking for inttypes.h
configure:3627: gcc -c -g -O2 -D_POSIX_SOURCE conftest.c >&5
configure:3627: $? = 0
configure:3627: result: yes
configure:3627: checking for stdint.h
configure:3627: gcc -c -g -O2 -D_POSIX_SOURCE conftest.c >&5
configure:3627: $? = 0
configure:3627: result: yes
configure:3627: checking for unistd.h
configure:3627: gcc -c -g -O2 -D_POSIX_SOURCE conftest.c >&5
configure:3627: $? = 0
configure:3627: result: yes
configure:3641: checking sys/select.h usability
configure:3641: gcc -c -g -O2 -D_POSIX_SOURCE conftest.c >&5
configure:3641: $? = 0
configure:3641: result: yes
configure:3641: checking sys/select.h presence
configure:3641: gcc -E -D_POSIX_SOURCE conftest.c
configure:3641: $? = 0
configure:3641: result: yes
configure:3641: checking for sys/select.h
configure:3641: result: yes
configure:3653: checking pty.h usability
configure:3653: gcc -c -g -O2 -D_POSIX_SOURCE conftest.c >&5
configure:3653: $? = 0
configure:3653: result: yes
configure:3653: checking pty.h presence
configure:3653: gcc -E -D_POSIX_SOURCE conftest.c
configure:3653: $? = 0
configure:3653: result: yes
configure:3653: checking for pty.h
configure:3653: result: yes
configure:3665: checking libutil.h usability
configure:3665: gcc -c -g -O2 -D_POSIX_SOURCE conftest.c >&5
conftest.c:55:10: fatal error: libutil.h: No such file or directory
   55 | #include <libutil.h>
      |          ^~~~~~~~~~~
compilation terminated.
configure:3665: $? = 1
configure: failed program was:
| /* confdefs.h */
| #define PACKAGE_NAME "s3270"
| #define PACKAGE_TARNAME "s3270"
| #define PACKAGE_VERSION "3.x"
| #define PACKAGE_STRING "s3270 3.x"
| #define PACKAGE_BUGREPORT ""
| #define PACKAGE_URL ""
| #define HAVE_FORKPTY 1
| #define STDC_HEADERS 1
| #define HAVE_SYS_TYPES_H 1
| #define HAVE_SYS_STAT_H 1
| #define HAVE_STDLIB_H 1
| #define HAVE_STRING_H 1
| #define HAVE_MEMORY_H 1
| #define HAVE_STRINGS_H 1
| #define HAVE_INTTYPES_H 1
| #define HAVE_STDINT_H 1
| #define HAVE_UNISTD_H 1
| #define HAVE_SYS_SELECT_H 1
| #define HAVE_PTY_H 1
| /* end confdefs.h.  */
| #include <stdio.h>
| #ifdef HAVE_SYS_TYPES_H
| # include <sys/types.h>
| #endif
| #ifdef HAVE_SYS_STAT_H
| # include <sys/stat.h>
| #endif
| #ifdef STDC_HEADERS
| # include <stdlib.h>
| # include <stddef.h>
| #else
| # ifdef HAVE_STDLIB_H
| #  include <stdlib.h>
| # endif
| #endif
| #ifdef HAVE_STRING_H
| # if !defined STDC_HEADERS && defined HAVE_MEMORY_H
| #  include <memory.h>
| # endif
| # include <string.h>
| #endif
| #ifdef HAVE_STRINGS_H
| # include <strings.h>
| #endif
| #ifdef HAVE_INTTYPES_H
| # include <inttypes.h>
| #endif
| #ifdef HAVE_STDINT_H
| # include <stdint.h>
| #endif
| #ifdef HAVE_UNISTD_H
| # include <unistd.h>
| #endif
| #include <libutil.h>
configure:3665: result: no
configure:3665: checking libutil.h presence
configure:3665: gcc -E -D_POSIX_SOURCE conftest.c
conftest.c:22:10: fatal error: libutil.h: No such file or directory
   22 | #include <libutil.h>
      |          ^~~~~~~~~~~
compilation terminated.
configure:3665: $? = 1
configure: failed program was:
| /* confdefs.h */
| #define PACKAGE_NAME "s3270"
| #define PACKAGE_TARNAME "s3270"
| #define PACKAGE_VERSION "3.x"
| #define PACKAGE_STRING "s3270 3.x"
| #define PACKAGE_BUGREPORT ""
| #define PACKAGE_URL ""
| #define HAVE_FORKPTY 1
| #define STDC_HEADERS 1
| #define HAVE_SYS_TYPES_H 1
| #define HAVE_SYS_STAT_H 1
| #define HAVE_STDLIB_H 1
| #define HAVE_STRING_H 1
| #define HAVE_MEMORY_H 1
| #define HAVE_STRINGS_H 1
| #define HAVE_INTTYPES_H 1
| #define HAVE_STDINT_H 1
| #define HAVE_UNISTD_H 1
| #define HAVE_SYS_SELECT_H 1
| #define HAVE_PTY_H 1
| /* end confdefs.h.  */
| #include <libutil.h>
configure:3665: result: no
configure:3665: checking for libutil.h
configure:3665: result: no
configure:3677: checking util.h usability
configure:3677: gcc -c -g -O2 -D_POSIX_SOURCE conftest.c >&5
conftest.c:55:10: fatal error: util.h: No such file or directory
   55 | #include <util.h>
      |          ^~~~~~~~
compilation terminated.
configure:3677: $? = 1
configure: failed program was:
| /* confdefs.h */
| #define PACKAGE_NAME "s3270"
| #define PACKAGE_TARNAME "s3270"
| #define PACKAGE_VERSION "3.x"
| #define PACKAGE_STRING "s3270 3.x"
| #define PACKAGE_BUGREPORT ""
| #define PACKAGE_URL ""
| #define HAVE_FORKPTY 1
| #define STDC_HEADERS 1
| #define HAVE_SYS_TYPES_H 1
| #define HAVE_SYS_STAT_H 1
| #define HAVE_STDLIB_H 1
| #define HAVE_STRING_H 1
| #define HAVE_MEMORY_H 1
| #define HAVE_STRINGS_H 1
| #define HAVE_INTTYPES_H 1
| #define HAVE_STDINT_H 1
| #define HAVE_UNISTD_H 1
| #define HAVE_SYS_SELECT_H 1
| #define HAVE_PTY_H 1
| /* end confdefs.h.  */
| #include <stdio.h>
| #ifdef HAVE_SYS_TYPES_H
| # include <sys/types.h>
| #endif
| #ifdef HAVE_SYS_STAT_H
| # include <sys/stat.h>
| #endif
| #ifdef STDC_HEADERS
| # include <stdlib.h>
| # include <stddef.h>
| #else
| # ifdef HAVE_STDLIB_H
| #  include <stdlib.h>
| # endif
| #endif
| #ifdef HAVE_STRING_H
| # if !defined STDC_HEADERS && defined HAVE_MEMORY_H
| #  include <memory.h>
| # endif
| # include <string.h>
| #endif
| #ifdef HAVE_STRINGS_H
| # include <strings.h>
| #endif
| #ifdef HAVE_INTTYPES_H
| # include <inttypes.h>
| #endif
| #ifdef HAVE_STDINT_H
| # include <stdint.h>
| #endif
| #ifdef HAVE_UNISTD_H
| # include <unistd.h>
| #endif
| #include <util.h>
configure:3677: result: no
configure:3677: checking util.h presence
configure:3677: gcc -E -D_POSIX_SOURCE conftest.c
conftest.c:22:10: fatal error: util.h: No such file or directory
   22 | #include <util.h>
      |          ^~~~~~~~
compilation terminated.
configure:3677: $? = 1
configure: failed program was:
| /* confdefs.h */
| #define PACKAGE_NAME "s3270"
| #define PACKAGE_TARNAME "s3270"
| #define PACKAGE_VERSION "3.x"
| #define PACKAGE_STRING "s3270 3.x"
| #define PACKAGE_BUGREPORT ""
| #define PACKAGE_URL ""
| #define HAVE_FORKPTY 1
| #define STDC_HEADERS 1
| #define HAVE_SYS_TYPES_H 1
| #define HAVE_SYS_STAT_H 1
| #define HAVE_STDLIB_H 1
| #define HAVE_STRING_H 1
| #define HAVE_MEMORY_H 1
| #define HAVE_STRINGS_H 1
| #define HAVE_INTTYPES_H 1
| #define HAVE_STDINT_H 1
| #define HAVE_UNISTD_H 1
| #define HAVE_SYS_SELECT_H 1
| #define HAVE_PTY_H 1
| /* end confdefs.h.  */
| #include <util.h>
configure:3677: result: no
configure:3677: checking for util.h
configure:3677: result: no
configure:3689: checking getopt.h usability
configure:3689: gcc -c -g -O2 -D_POSIX_SOURCE conftest.c >&5
configure:3689: $? = 0
configure:3689: result: yes
configure:3689: checking getopt.h presence
configure:3689: gcc -E -D_POSIX_SOURCE conftest.c
configure:3689: $? = 0
configure:3689: result: yes
configure:3689: checking for getopt.h
configure:3689: result: yes
configure:3702: checking for vasprintf
configure:3702: gcc -o conftest -g -O2 -D_POSIX_SOURCE  conftest.c -lutil  >&5
configure:3702: $? = 0
configure:3702: result: yes
configure:3711: checking for _LARGEFILE_SOURCE value needed for large files
configure:3730: gcc -o conftest -g -O2 -D_POSIX_SOURCE  conftest.c -lutil  >&5
conftest.c: In function 'main':
conftest.c:29:34: error: 'fseeko' undeclared (first use in this function); did you mean 'fseek'?
   29 | int (*fp) (FILE *, off_t, int) = fseeko;
      |                                  ^~~~~~
      |                                  fseek
conftest.c:29:34: note: each undeclared identifier is reported only once for each function it appears in
conftest.c:30:13: warning: implicit declaration of function 'fseeko'; did you mean 'fseek'? [-Wimplicit-function-declaration]
   30 |      return fseeko (stdin, 0, 0) && fp (stdin, 0, 0);
      |             ^~~~~~
      |             fseek
configure:3730: $? = 1
configure: failed program was:
| /* confdefs.h */
| #define PACKAGE_NAME "s3270"
| #define PACKAGE_TARNAME "s3270"
| #define PACKAGE_VERSION "3.x"
| #define PACKAGE_STRING "s3270 3.x"
| #define PACKAGE_BUGREPORT ""
| #define PACKAGE_URL ""
| #define HAVE_FORKPTY 1
| #define STDC_HEADERS 1
| #define HAVE_SYS_TYPES_H 1
| #define HAVE_SYS_STAT_H 1
| #define HAVE_STDLIB_H 1
| #define HAVE_STRING_H 1
| #define HAVE_MEMORY_H 1
| #define HAVE_STRINGS_H 1
| #define HAVE_INTTYPES_H 1
| #define HAVE_STDINT_H 1
| #define HAVE_UNISTD_H 1
| #define HAVE_SYS_SELECT_H 1
| #define HAVE_PTY_H 1
| #define HAVE_GETOPT_H 1
| #define HAVE_VASPRINTF 1
| /* end confdefs.h.  */
| #include <sys/types.h> /* for off_t */
|      #include <stdio.h>
| int
| main ()
| {
| int (*fp) (FILE *, off_t, int) = fseeko;
|      return fseeko (stdin, 0, 0) && fp (stdin, 0, 0);
|   ;
|   return 0;
| }
configure:3749: gcc -o conftest -g -O2 -D_POSIX_SOURCE  conftest.c -lutil  >&5
configure:3749: $? = 0
configure:3758: result: 1
configure:3926: creating ./config.status

## ---------------------- ##
## Running config.status. ##
## ---------------------- ##

This file was extended by s3270 config.status 3.x, which was
generated by GNU Autoconf 2.68.  Invocation command line was

  CONFIG_FILES    = 
  CONFIG_HEADERS  = 
  CONFIG_LINKS    = 
  CONFIG_COMMANDS = 
  $ ./config.status 

on kaliSSD

config.status:829: creating Makefile
config.status:829: creating conf.h
configure:5210: creating ./config.status

## ---------------------- ##
## Running config.status. ##
## ---------------------- ##

This file was extended by s3270 config.status 3.x, which was
generated by GNU Autoconf 2.68.  Invocation command line was

  CONFIG_FILES    = 
  CONFIG_HEADERS  = 
  CONFIG_LINKS    = 
  CONFIG_COMMANDS = 
  $ ./config.status 

on kaliSSD

config.status:830: creating Makefile
config.status:830: creating Makefile.obj
config.status:830: creating conf.h
config.status:1005: conf.h is unchanged

## ---------------- ##
## Cache variables. ##
## ---------------- ##

ac_cv_build=x86_64-unknown-linux-gnu
ac_cv_c_compiler_gnu=yes
ac_cv_env_CC_set=
ac_cv_env_CC_value=
ac_cv_env_CFLAGS_set=
ac_cv_env_CFLAGS_value=
ac_cv_env_CPPFLAGS_set=
ac_cv_env_CPPFLAGS_value=
ac_cv_env_CPP_set=
ac_cv_env_CPP_value=
ac_cv_env_LDFLAGS_set=
ac_cv_env_LDFLAGS_value=
ac_cv_env_LIBS_set=
ac_cv_env_LIBS_value=
ac_cv_env_build_alias_set=
ac_cv_env_build_alias_value=
ac_cv_env_host_alias_set=
ac_cv_env_host_alias_value=
ac_cv_env_target_alias_set=
ac_cv_env_target_alias_value=
ac_cv_func_forkpty=yes
ac_cv_func_vasprintf=yes
ac_cv_header_getopt_h=yes
ac_cv_header_inttypes_h=yes
ac_cv_header_libutil_h=no
ac_cv_header_memory_h=yes
ac_cv_header_pty_h=yes
ac_cv_header_stdc=yes
ac_cv_header_stdint_h=yes
ac_cv_header_stdlib_h=yes
ac_cv_header_string_h=yes
ac_cv_header_strings_h=yes
ac_cv_header_sys_select_h=yes
ac_cv_header_sys_stat_h=yes
ac_cv_header_sys_types_h=yes
ac_cv_header_unistd_h=yes
ac_cv_header_util_h=no
ac_cv_host=x86_64-unknown-linux-gnu
ac_cv_objext=o
ac_cv_path_EGREP='/usr/bin/grep -E'
ac_cv_path_GREP=/usr/bin/grep
ac_cv_path_install='/usr/bin/install -c'
ac_cv_prog_CPP='gcc -E'
ac_cv_prog_ac_ct_CC=gcc
ac_cv_prog_cc_c89=
ac_cv_prog_cc_g=yes
ac_cv_search_forkpty=-lutil
ac_cv_search_gethostbyname='none required'
ac_cv_search_socket='none required'
ac_cv_sys_largefile_source=1

## ----------------- ##
## Output variables. ##
## ----------------- ##

CC='gcc'
CCOPTIONS=' -Wall -Wsign-compare -std=c99 -pedantic -Wno-variadic-macros -MMD -MP'
CFLAGS='-g -O2'
CPP='gcc -E'
CPPFLAGS='-D_POSIX_SOURCE'
DEFS='-DHAVE_CONFIG_H'
ECHO_C=''
ECHO_N='-n'
ECHO_T=''
EGREP='/usr/bin/grep -E'
EXEEXT=''
GREP='/usr/bin/grep'
INSTALL_DATA='${INSTALL} -m 644'
INSTALL_PROGRAM='${INSTALL}'
INSTALL_SCRIPT='${INSTALL}'
LDFLAGS=''
LIBOBJS=''
LIBS='-lutil '
LIBX3270DIR='${sysconfdir}/x3270'
LTLIBOBJS=''
OBJEXT='o'
PACKAGE_BUGREPORT=''
PACKAGE_NAME='s3270'
PACKAGE_STRING='s3270 3.x'
PACKAGE_TARNAME='s3270'
PACKAGE_URL=''
PACKAGE_VERSION='3.x'
PATH_SEPARATOR=':'
SHELL='/bin/bash'
ac_ct_CC='gcc'
bindir='${exec_prefix}/bin'
build='x86_64-unknown-linux-gnu'
build_alias=''
build_cpu='x86_64'
build_os='linux-gnu'
build_vendor='unknown'
datadir='${datarootdir}'
datarootdir='${prefix}/share'
docdir='${datarootdir}/doc/${PACKAGE_TARNAME}'
dvidir='${docdir}'
exec_prefix='${prefix}'
host='x86_64-unknown-linux-gnu'
host_alias=''
host_cpu='x86_64'
host_os='linux-gnu'
host_vendor='unknown'
htmldir='${docdir}'
includedir='${prefix}/include'
infodir='${datarootdir}/info'
libdir='${exec_prefix}/lib'
libexecdir='${exec_prefix}/libexec'
localedir='${datarootdir}/locale'
localstatedir='${prefix}/var'
mandir='${datarootdir}/man'
oldincludedir='/usr/include'
pdfdir='${docdir}'
prefix='/usr/local'
program_transform_name='s,x,x,'
psdir='${docdir}'
sbindir='${exec_prefix}/sbin'
sharedstatedir='${prefix}/com'
sysconfdir='${prefix}/etc'
target_alias=''

## ----------- ##
## confdefs.h. ##
## ----------- ##

/* confdefs.h */
#define PACKAGE_NAME "s3270"
#define PACKAGE_TARNAME "s3270"
#define PACKAGE_VERSION "3.x"
#define PACKAGE_STRING "s3270 3.x"
#define PACKAGE_BUGREPORT ""
#define PACKAGE_URL ""
#define HAVE_FORKPTY 1
#define STDC_HEADERS 1
#define HAVE_SYS_TYPES_H 1
#define HAVE_SYS_STAT_H 1
#define HAVE_STDLIB_H 1
#define HAVE_STRING_H 1
#define HAVE_MEMORY_H 1
#define HAVE_STRINGS_H 1
#define HAVE_INTTYPES_H 1
#define HAVE_STDINT_H 1
#define HAVE_UNISTD_H 1
#define HAVE_SYS_SELECT_H 1
#define HAVE_PTY_H 1
#define HAVE_GETOPT_H 1
#define HAVE_VASPRINTF 1
#define _LARGEFILE_SOURCE 1
#define HAVE_FSEEKO 1
#define X3270_DBCS 1
#define X3270_LOCAL_PROCESS 1
#define X3270_IPV6 1

configure: exit 0
